Log file open, 05/17/18 13:04:03
LogWindows: Failed to load 'aqProf.dll' (GetLastError=126)
LogWindows: File 'aqProf.dll' does not exist
LogWindows: Failed to load 'VtuneApi.dll' (GetLastError=126)
LogWindows: File 'VtuneApi.dll' does not exist
LogWindows: Failed to load 'VtuneApi32e.dll' (GetLastError=126)
LogWindows: File 'VtuneApi32e.dll' does not exist
LogInit: Display: Running engine for game: Quest_GD50
LogPlatformFile: Not using cached read wrapper
LogInit: Display: RandInit(1597300904) SRandInit(1597300904).
LogInit: Read version file with build ID '3944462'
LogInit: Overriding engine version to CL 3989454, compatible CL 3944462
LogInit: Registered custom module enumerator with build ID '3944462'
LogTaskGraph: Started task graph with 5 named threads and 23 total threads with 3 sets of task threads.
LogStats: Stats thread started at 0.270262
LogD3D11RHI: Aftermath initialized
LogICUInternationalization: Display: ICU TimeZone Detection - Raw Offset: -8:00, Platform Override: ''
LogModuleManager: Display: Found up-to-date module file ../../../Engine/Plugins/Runtime/ApexDestruction/Binaries/Win64/UE4Editor-ApexDestruction.dll (API version 3944462).
LogModuleManager: Display: Found up-to-date module file ../../../Engine/Plugins/Runtime/ApexDestruction/Binaries/Win64/UE4Editor-ApexDestructionEditor.dll (API version 3944462).
LogModuleManager: Display: Found up-to-date module file ../../../Engine/Plugins/2D/Paper2D/Binaries/Win64/UE4Editor-Paper2D.dll (API version 3944462).
LogModuleManager: Display: Found up-to-date module file ../../../Engine/Plugins/2D/Paper2D/Binaries/Win64/UE4Editor-Paper2DEditor.dll (API version 3944462).
LogModuleManager: Display: Found up-to-date module file ../../../Engine/Plugins/2D/Paper2D/Binaries/Win64/UE4Editor-PaperSpriteSheetImporter.dll (API version 3944462).
LogModuleManager: Display: Found up-to-date module file ../../../Engine/Plugins/2D/Paper2D/Binaries/Win64/UE4Editor-PaperTiledImporter.dll (API version 3944462).
LogModuleManager: Display: Found up-to-date module file ../../../Engine/Plugins/2D/Paper2D/Binaries/Win64/UE4Editor-SmartSnapping.dll (API version 3944462).
LogModuleManager: Display: Found up-to-date module file ../../../Engine/Plugins/Blendables/LightPropagationVolume/Binaries/Win64/UE4Editor-LightPropagationVolumeRuntime.dll (API version 3944462).
LogModuleManager: Display: Found up-to-date module file ../../../Engine/Plugins/Blendables/LightPropagationVolume/Binaries/Win64/UE4Editor-LightPropagationVolumeEditor.dll (API version 3944462).
LogModuleManager: Display: Found up-to-date module file ../../../Engine/Plugins/Developer/CLionSourceCodeAccess/Binaries/Win64/UE4Editor-CLionSourceCodeAccess.dll (API version 3944462).
LogModuleManager: Display: Found up-to-date module file ../../../Engine/Plugins/Developer/GitSourceControl/Binaries/Win64/UE4Editor-GitSourceControl.dll (API version 3944462).
LogModuleManager: Display: Found up-to-date module file ../../../Engine/Plugins/Developer/PerforceSourceControl/Binaries/Win64/UE4Editor-PerforceSourceControl.dll (API version 3944462).
LogModuleManager: Display: Found up-to-date module file ../../../Engine/Plugins/Developer/SubversionSourceControl/Binaries/Win64/UE4Editor-SubversionSourceControl.dll (API version 3944462).
LogModuleManager: Display: Found up-to-date module file ../../../Engine/Plugins/Developer/UObjectPlugin/Binaries/Win64/UE4Editor-UObjectPlugin.dll (API version 3944462).
LogModuleManager: Display: Found up-to-date module file ../../../Engine/Plugins/Developer/VisualStudioCodeSourceCodeAccess/Binaries/Win64/UE4Editor-VisualStudioCodeSourceCodeAccess.dll (API version 3944462).
LogModuleManager: Display: Found up-to-date module file ../../../Engine/Plugins/Developer/VisualStudioSourceCodeAccess/Binaries/Win64/UE4Editor-VisualStudioSourceCodeAccess.dll (API version 3944462).
LogModuleManager: Display: Found up-to-date module file ../../../Engine/Plugins/Editor/AssetManagerEditor/Binaries/Win64/UE4Editor-AssetManagerEditor.dll (API version 3944462).
LogModuleManager: Display: Found up-to-date module file ../../../Engine/Plugins/Editor/CryptoKeys/Binaries/Win64/UE4Editor-CryptoKeys.dll (API version 3944462).
LogModuleManager: Display: Found up-to-date module file ../../../Engine/Plugins/Editor/CryptoKeys/Binaries/Win64/UE4Editor-CryptoKeysOpenSSL.dll (API version 3944462).
LogModuleManager: Display: Found up-to-date module file ../../../Engine/Plugins/Editor/DataValidation/Binaries/Win64/UE4Editor-DataValidation.dll (API version 3944462).
LogModuleManager: Display: Found up-to-date module file ../../../Engine/Plugins/Editor/FacialAnimation/Binaries/Win64/UE4Editor-FacialAnimation.dll (API version 3944462).
LogModuleManager: Display: Found up-to-date module file ../../../Engine/Plugins/Editor/FacialAnimation/Binaries/Win64/UE4Editor-FacialAnimationEditor.dll (API version 3944462).
LogModuleManager: Display: Found up-to-date module file ../../../Engine/Plugins/Editor/GameplayTagsEditor/Binaries/Win64/UE4Editor-GameplayTagsEditor.dll (API version 3944462).
LogModuleManager: Display: Found up-to-date module file ../../../Engine/Plugins/Editor/MobileLauncherProfileWizard/Binaries/Win64/UE4Editor-MobileLauncherProfileWizard.dll (API version 3944462).
LogModuleManager: Display: Found up-to-date module file ../../../Engine/Plugins/Editor/PluginBrowser/Binaries/Win64/UE4Editor-PluginBrowser.dll (API version 3944462).
LogModuleManager: Display: Found up-to-date module file ../../../Engine/Plugins/Editor/SpeedTreeImporter/Binaries/Win64/UE4Editor-SpeedTreeImporter.dll (API version 3944462).
LogModuleManager: Display: Found up-to-date module file ../../../Engine/Plugins/Enterprise/DatasmithContent/Binaries/Win64/UE4Editor-DatasmithContent.dll (API version 3944462).
LogModuleManager: Display: Found up-to-date module file ../../../Engine/Plugins/Experimental/AlembicImporter/Binaries/Win64/UE4Editor-AlembicImporter.dll (API version 3944462).
LogModuleManager: Display: Found up-to-date module file ../../../Engine/Plugins/Experimental/AlembicImporter/Binaries/Win64/UE4Editor-AlembicLibrary.dll (API version 3944462).
LogModuleManager: Display: Found up-to-date module file ../../../Engine/Plugins/Experimental/CharacterAI/Binaries/Win64/UE4Editor-CharacterAI.dll (API version 3944462).
LogModuleManager: Display: Found up-to-date module file ../../../Engine/Plugins/Experimental/HTML5Networking/Binaries/Win64/UE4Editor-HTML5Networking.dll (API version 3944462).
LogModuleManager: Display: Found up-to-date module file ../../../Engine/Plugins/Media/AndroidMedia/Binaries/Win64/UE4Editor-AndroidMediaEditor.dll (API version 3944462).
LogModuleManager: Display: Found up-to-date module file ../../../Engine/Plugins/Media/AndroidMedia/Binaries/Win64/UE4Editor-AndroidMediaFactory.dll (API version 3944462).
LogModuleManager: Display: Found up-to-date module file ../../../Engine/Plugins/Media/AvfMedia/Binaries/Win64/UE4Editor-AvfMediaEditor.dll (API version 3944462).
LogModuleManager: Display: Found up-to-date module file ../../../Engine/Plugins/Media/AvfMedia/Binaries/Win64/UE4Editor-AvfMediaFactory.dll (API version 3944462).
LogModuleManager: Display: Found up-to-date module file ../../../Engine/Plugins/Media/AvfMedia/Binaries/Win64/UE4Editor-AvfMediaFactory.dll (API version 3944462).
LogModuleManager: Display: Found up-to-date module file ../../../Engine/Plugins/Media/ImgMedia/Binaries/Win64/UE4Editor-ImgMedia.dll (API version 3944462).
LogModuleManager: Display: Found up-to-date module file ../../../Engine/Plugins/Media/ImgMedia/Binaries/Win64/UE4Editor-ImgMediaEditor.dll (API version 3944462).
LogModuleManager: Display: Found up-to-date module file ../../../Engine/Plugins/Media/ImgMedia/Binaries/Win64/UE4Editor-ImgMediaFactory.dll (API version 3944462).
LogModuleManager: Display: Found up-to-date module file ../../../Engine/Plugins/Media/ImgMedia/Binaries/Win64/UE4Editor-ImgMediaFactory.dll (API version 3944462).
LogModuleManager: Display: Found up-to-date module file ../../../Engine/Plugins/Media/ImgMedia/Binaries/Win64/UE4Editor-OpenExrWrapper.dll (API version 3944462).
LogModuleManager: Display: Found up-to-date module file ../../../Engine/Plugins/Media/LinearTimecode/Binaries/Win64/UE4Editor-LinearTimecode.dll (API version 3944462).
LogModuleManager: Display: Found up-to-date module file ../../../Engine/Plugins/Media/MediaCompositing/Binaries/Win64/UE4Editor-MediaCompositing.dll (API version 3944462).
LogModuleManager: Display: Found up-to-date module file ../../../Engine/Plugins/Media/MediaCompositing/Binaries/Win64/UE4Editor-MediaCompositingEditor.dll (API version 3944462).
LogModuleManager: Display: Found up-to-date module file ../../../Engine/Plugins/Media/MediaPlayerEditor/Binaries/Win64/UE4Editor-MediaPlayerEditor.dll (API version 3944462).
LogModuleManager: Display: Found up-to-date module file ../../../Engine/Plugins/Media/WmfMedia/Binaries/Win64/UE4Editor-WmfMedia.dll (API version 3944462).
LogModuleManager: Display: Found up-to-date module file ../../../Engine/Plugins/Media/WmfMedia/Binaries/Win64/UE4Editor-WmfMediaEditor.dll (API version 3944462).
LogModuleManager: Display: Found up-to-date module file ../../../Engine/Plugins/Media/WmfMedia/Binaries/Win64/UE4Editor-WmfMediaFactory.dll (API version 3944462).
LogModuleManager: Display: Found up-to-date module file ../../../Engine/Plugins/Media/WmfMedia/Binaries/Win64/UE4Editor-WmfMediaFactory.dll (API version 3944462).
LogModuleManager: Display: Found up-to-date module file ../../../Engine/Plugins/Messaging/TcpMessaging/Binaries/Win64/UE4Editor-TcpMessaging.dll (API version 3944462).
LogModuleManager: Display: Found up-to-date module file ../../../Engine/Plugins/Messaging/UdpMessaging/Binaries/Win64/UE4Editor-UdpMessaging.dll (API version 3944462).
LogModuleManager: Display: Found up-to-date module file ../../../Engine/Plugins/MovieScene/ActorSequence/Binaries/Win64/UE4Editor-ActorSequence.dll (API version 3944462).
LogModuleManager: Display: Found up-to-date module file ../../../Engine/Plugins/MovieScene/LevelSequenceEditor/Binaries/Win64/UE4Editor-LevelSequenceEditor.dll (API version 3944462).
LogModuleManager: Display: Found up-to-date module file ../../../Engine/Plugins/MovieScene/MatineeToLevelSequence/Binaries/Win64/UE4Editor-MatineeToLevelSequence.dll (API version 3944462).
LogModuleManager: Display: Found up-to-date module file ../../../Engine/Plugins/NetcodeUnitTest/NetcodeUnitTest/Binaries/Win64/UE4Editor-NetcodeUnitTest.dll (API version 3944462).
LogModuleManager: Display: Found up-to-date module file ../../../Engine/Plugins/NetcodeUnitTest/NUTUnrealEngine4/Binaries/Win64/UE4Editor-NUTUnrealEngine4.dll (API version 3944462).
LogModuleManager: Display: Found up-to-date module file ../../../Engine/Plugins/Online/OnlineSubsystem/Binaries/Win64/UE4Editor-OnlineSubsystem.dll (API version 3944462).
LogModuleManager: Display: Found up-to-date module file ../../../Engine/Plugins/Runtime/AndroidPermission/Binaries/Win64/UE4Editor-AndroidPermission.dll (API version 3944462).
LogModuleManager: Display: Found up-to-date module file ../../../Engine/Plugins/Online/OnlineSubsystemNull/Binaries/Win64/UE4Editor-OnlineSubsystemNull.dll (API version 3944462).
LogModuleManager: Display: Found up-to-date module file ../../../Engine/Plugins/Online/OnlineSubsystemUtils/Binaries/Win64/UE4Editor-OnlineSubsystemUtils.dll (API version 3944462).
LogModuleManager: Display: Found up-to-date module file ../../../Engine/Plugins/Online/OnlineSubsystemUtils/Binaries/Win64/UE4Editor-OnlineBlueprintSupport.dll (API version 3944462).
LogModuleManager: Display: Found up-to-date module file ../../../Engine/Plugins/Runtime/AndroidDeviceProfileSelector/Binaries/Win64/UE4Editor-AndroidDeviceProfileSelector.dll (API version 3944462).
LogModuleManager: Display: Found up-to-date module file ../../../Engine/Plugins/Runtime/AppleARKit/Binaries/Win64/UE4Editor-AppleARKit.dll (API version 3944462).
LogModuleManager: Display: Found up-to-date module file ../../../Engine/Plugins/Runtime/ProceduralMeshComponent/Binaries/Win64/UE4Editor-ProceduralMeshComponent.dll (API version 3944462).
LogModuleManager: Display: Found up-to-date module file ../../../Engine/Plugins/Runtime/ProceduralMeshComponent/Binaries/Win64/UE4Editor-ProceduralMeshComponentEditor.dll (API version 3944462).
LogModuleManager: Display: Found up-to-date module file ../../../Engine/Plugins/Animation/LiveLink/Binaries/Win64/UE4Editor-LiveLink.dll (API version 3944462).
LogModuleManager: Display: Found up-to-date module file ../../../Engine/Plugins/Animation/LiveLink/Binaries/Win64/UE4Editor-LiveLinkEditor.dll (API version 3944462).
LogModuleManager: Display: Found up-to-date module file ../../../Engine/Plugins/Runtime/ArchVisCharacter/Binaries/Win64/UE4Editor-ArchVisCharacter.dll (API version 3944462).
LogModuleManager: Display: Found up-to-date module file ../../../Engine/Plugins/Runtime/AudioCapture/Binaries/Win64/UE4Editor-AudioCapture.dll (API version 3944462).
LogModuleManager: Display: Found up-to-date module file ../../../Engine/Plugins/Runtime/AudioCapture/Binaries/Win64/UE4Editor-AudioCaptureEditor.dll (API version 3944462).
LogModuleManager: Display: Found up-to-date module file ../../../Engine/Plugins/Runtime/CableComponent/Binaries/Win64/UE4Editor-CableComponent.dll (API version 3944462).
LogModuleManager: Display: Found up-to-date module file ../../../Engine/Plugins/Runtime/CustomMeshComponent/Binaries/Win64/UE4Editor-CustomMeshComponent.dll (API version 3944462).
LogModuleManager: Display: Found up-to-date module file ../../../Engine/Plugins/Runtime/ExampleDeviceProfileSelector/Binaries/Win64/UE4Editor-ExampleDeviceProfileSelector.dll (API version 3944462).
LogModuleManager: Display: Found up-to-date module file ../../../Engine/Plugins/Runtime/ImmediatePhysics/Binaries/Win64/UE4Editor-ImmediatePhysics.dll (API version 3944462).
LogModuleManager: Display: Found up-to-date module file ../../../Engine/Plugins/Runtime/ImmediatePhysics/Binaries/Win64/UE4Editor-ImmediatePhysicsEditor.dll (API version 3944462).
LogModuleManager: Display: Found up-to-date module file ../../../Engine/Plugins/Runtime/LocationServicesBPLibrary/Binaries/Win64/UE4Editor-LocationServicesBPLibrary.dll (API version 3944462).
LogModuleManager: Display: Found up-to-date module file ../../../Engine/Plugins/Runtime/MobilePatchingUtils/Binaries/Win64/UE4Editor-MobilePatchingUtils.dll (API version 3944462).
LogModuleManager: Display: Found up-to-date module file ../../../Engine/Plugins/Runtime/Oculus/OculusVR/Binaries/Win64/UE4Editor-OculusHMD.dll (API version 3944462).
LogModuleManager: Display: Found up-to-date module file ../../../Engine/Plugins/Runtime/Oculus/OculusVR/Binaries/Win64/UE4Editor-OculusInput.dll (API version 3944462).
LogModuleManager: Display: Found up-to-date module file ../../../Engine/Plugins/Runtime/Oculus/OculusVR/Binaries/Win64/UE4Editor-OculusEditor.dll (API version 3944462).
LogModuleManager: Display: Found up-to-date module file ../../../Engine/Plugins/Runtime/PhysXVehicles/Binaries/Win64/UE4Editor-PhysXVehicles.dll (API version 3944462).
LogModuleManager: Display: Found up-to-date module file ../../../Engine/Plugins/Runtime/PhysXVehicles/Binaries/Win64/UE4Editor-PhysXVehiclesEditor.dll (API version 3944462).
LogModuleManager: Display: Found up-to-date module file ../../../Engine/Plugins/Runtime/RuntimePhysXCooking/Binaries/Win64/UE4Editor-RuntimePhysXCooking.dll (API version 3944462).
LogModuleManager: Display: Found up-to-date module file ../../../Engine/Plugins/Runtime/Steam/SteamVR/Binaries/Win64/UE4Editor-SteamVR.dll (API version 3944462).
LogModuleManager: Display: Found up-to-date module file ../../../Engine/Plugins/Runtime/Steam/SteamVR/Binaries/Win64/UE4Editor-SteamVRController.dll (API version 3944462).
LogModuleManager: Display: Found up-to-date module file ../../../Engine/Plugins/Runtime/WindowsMoviePlayer/Binaries/Win64/UE4Editor-WindowsMoviePlayer.dll (API version 3944462).
LogPluginManager: Mounting plugin Paper2D
LogPluginManager: Mounting plugin LiveLink
LogPluginManager: Mounting plugin LightPropagationVolume
LogPluginManager: Mounting plugin CLionSourceCodeAccess
LogPluginManager: Mounting plugin CodeLiteSourceCodeAccess
LogPluginManager: Mounting plugin GitSourceControl
LogPluginManager: Mounting plugin KDevelopSourceCodeAccess
LogPluginManager: Mounting plugin NullSourceCodeAccess
LogPluginManager: Mounting plugin PerforceSourceControl
LogPluginManager: Mounting plugin SubversionSourceControl
LogPluginManager: Mounting plugin UObjectPlugin
LogPluginManager: Mounting plugin VisualStudioCodeSourceCodeAccess
LogPluginManager: Mounting plugin VisualStudioSourceCodeAccess
LogPluginManager: Mounting plugin XCodeSourceCodeAccess
LogPluginManager: Mounting plugin AssetManagerEditor
LogPluginManager: Mounting plugin CryptoKeys
LogPluginManager: Mounting plugin DataValidation
LogPluginManager: Mounting plugin FacialAnimation
LogPluginManager: Mounting plugin GameplayTagsEditor
LogPluginManager: Mounting plugin MobileLauncherProfileWizard
LogPluginManager: Mounting plugin PluginBrowser
LogPluginManager: Mounting plugin SpeedTreeImporter
LogPluginManager: Mounting plugin DatasmithContent
LogPluginManager: Mounting plugin AlembicImporter
LogPluginManager: Mounting plugin CharacterAI
LogPluginManager: Mounting plugin HTML5Networking
LogPluginManager: Mounting plugin AndroidMedia
LogPluginManager: Mounting plugin AvfMedia
LogPluginManager: Mounting plugin ImgMedia
LogPluginManager: Mounting plugin LinearTimecode
LogPluginManager: Mounting plugin MediaCompositing
LogPluginManager: Mounting plugin MediaPlayerEditor
LogPluginManager: Mounting plugin WmfMedia
LogPluginManager: Mounting plugin TcpMessaging
LogPluginManager: Mounting plugin UdpMessaging
LogPluginManager: Mounting plugin ActorSequence
LogPluginManager: Mounting plugin LevelSequenceEditor
LogPluginManager: Mounting plugin MatineeToLevelSequence
LogPluginManager: Mounting plugin NetcodeUnitTest
LogPluginManager: Mounting plugin NUTUnrealEngine4
LogPluginManager: Mounting plugin OnlineSubsystemGooglePlay
LogPluginManager: Mounting plugin OnlineSubsystemIOS
LogPluginManager: Mounting plugin OnlineSubsystem
LogPluginManager: Mounting plugin OnlineSubsystemNull
LogPluginManager: Mounting plugin OnlineSubsystemUtils
LogPluginManager: Mounting plugin AndroidDeviceProfileSelector
LogPluginManager: Mounting plugin AndroidMoviePlayer
LogPluginManager: Mounting plugin AndroidPermission
LogPluginManager: Mounting plugin ApexDestruction
LogPluginManager: Mounting plugin AppleARKit
LogPluginManager: Mounting plugin AppleMoviePlayer
LogPluginManager: Mounting plugin ArchVisCharacter
LogPluginManager: Mounting plugin AudioCapture
LogPluginManager: Mounting plugin CableComponent
LogPluginManager: Mounting plugin CustomMeshComponent
LogPluginManager: Mounting plugin ExampleDeviceProfileSelector
LogPluginManager: Mounting plugin GoogleCloudMessaging
LogPluginManager: Mounting plugin ImmediatePhysics
LogPluginManager: Mounting plugin IOSDeviceProfileSelector
LogPluginManager: Mounting plugin LinuxDeviceProfileSelector
LogPluginManager: Mounting plugin LocationServicesBPLibrary
LogPluginManager: Mounting plugin MobilePatchingUtils
LogPluginManager: Mounting plugin OculusVR
LogPluginManager: Plugin shader directory ../../../Engine/Plugins/Runtime/Oculus/OculusVR/Shaders found
LogPluginManager: Mapping shader source directory ../../../Engine/Plugins/Runtime/Oculus/OculusVR/Shaders to virtual directory /Plugin/OculusVR
LogPluginManager: Mounting plugin PhysXVehicles
LogPluginManager: Mounting plugin ProceduralMeshComponent
LogPluginManager: Mounting plugin RuntimePhysXCooking
LogPluginManager: Mounting plugin SteamVR
LogPluginManager: Mounting plugin WindowsMoviePlayer
LogStreaming: Display: Took  0.861s to configure plugins.
LogInit: Using libcurl 7.47.1
LogInit:  - built for x86_64-pc-win32
LogInit:  - supports SSL with OpenSSL/1.0.2g
LogInit:  - supports HTTP deflate (compression) using libz 1.2.8
LogInit:  - other features:
LogInit:      CURL_VERSION_SSL
LogInit:      CURL_VERSION_LIBZ
LogInit:      CURL_VERSION_IPV6
LogInit:      CURL_VERSION_ASYNCHDNS
LogInit:      CURL_VERSION_LARGEFILE
LogInit:      CURL_VERSION_IDN
LogInit:  CurlRequestOptions (configurable via config and command line):
LogInit:  - bVerifyPeer = false  - Libcurl will NOT verify peer certificate
LogInit:  - bUseHttpProxy = false  - Libcurl will NOT use HTTP proxy
LogInit:  - bDontReuseConnections = false  - Libcurl will reuse connections
LogInit:  - CertBundlePath = nullptr  - Libcurl will use whatever was configured at build time.
LogInit:  - MaxHostConnections = 16  - Libcurl will limit the number of connections to a host
LogInit:  - LocalHostAddr = Default
LogInit: WinSock: version 1.1 (2.2), MaxSocks=32767, MaxUdp=65467
LogInit: WinSock: I am SCT302-03 (10.128.151.184:0)
LogHMD: Failed initializing OVRPlugin 1.21.0
LogInit: Build: ++UE4+Release-4.19-CL-3989454
LogInit: Engine Version: 4.19.1-3989454+++UE4+Release-4.19
LogInit: Compatible Engine Version: 4.19.0-3944462+++UE4+Release-4.19
LogInit: Net CL: 3944462
LogDevObjectVersion: Number of dev versions registered: 18
LogDevObjectVersion:   Dev-Blueprints (B0D832E4-1F89-4F0D-ACCF-7EB736FD4AA2): 10
LogDevObjectVersion:   Dev-Build (E1C64328-A22C-4D53-A36C-8E866417BD8C): 0
LogDevObjectVersion:   Dev-Core (375EC13C-06E4-48FB-B500-84F0262A717E): 2
LogDevObjectVersion:   Dev-Editor (E4B068ED-F494-42E9-A231-DA0B2E46BB41): 23
LogDevObjectVersion:   Dev-Framework (CFFC743F-43B0-4480-9391-14DF171D2073): 33
LogDevObjectVersion:   Dev-Mobile (B02B49B5-BB20-44E9-A304-32B752E40360): 2
LogDevObjectVersion:   Dev-Networking (A4E4105C-59A1-49B5-A7C5-40C4547EDFEE): 0
LogDevObjectVersion:   Dev-Online (39C831C9-5AE6-47DC-9A44-9C173E1C8E7C): 0
LogDevObjectVersion:   Dev-Physics (78F01B33-EBEA-4F98-B9B4-84EACCB95AA2): 0
LogDevObjectVersion:   Dev-Platform (6631380F-2D4D-43E0-8009-CF276956A95A): 0
LogDevObjectVersion:   Dev-Rendering (12F88B9F-8875-4AFC-A67C-D90C383ABD29): 25
LogDevObjectVersion:   Dev-Sequencer (7B5AE74C-D270-4C10-A958-57980B212A5A): 6
LogDevObjectVersion:   Dev-VR (D7296918-1DD6-4BDD-9DE2-64A83CC13884): 1
LogDevObjectVersion:   Dev-LoadTimes (C2A15278-BFE7-4AFE-6C17-90FF531DF755): 1
LogDevObjectVersion:   Private-Geometry (6EACA3D4-40EC-4CC1-B786-8BED09428FC5): 2
LogDevObjectVersion:   Dev-AnimPhys (29E575DD-E0A3-4627-9D10-D276232CDCEA): 16
LogDevObjectVersion:   Dev-ReflectionCapture (6B266CEC-1EC7-4B8F-A30B-E4D90942FC07): 1
LogDevObjectVersion:   Dev-Automation (0DF73D61-A23F-47EA-B727-89E90C41499A): 1
LogInit: Compiled (64-bit): Apr  6 2018 12:26:04
LogInit: Compiled with Visual C++: 19.00.24215.01
LogInit: Build Configuration: Development
LogInit: Branch Name: ++UE4+Release-4.19
LogInit: Command Line:  
LogInit: Base Directory: C:/Program Files/Epic Games/UE_4.19/Engine/Binaries/Win64/
LogInit: Installed Engine Build: 1
LogStreaming: Display: Took  0.001s to delete old logs.
LogInit: Presizing for max 8388607 objects, including 0 objects not considered by GC, pre-allocating 0 bytes for permanent pool.
LogInit: Object subsystem initialized
[2018.05.17-20.04.04:696][  0]LogInit: Selected Device Profile: [Windows]
[2018.05.17-20.04.04:696][  0]LogInit: Applying CVar settings loaded from the selected device profile: [Windows]
[2018.05.17-20.04.04:709][  0]LogInit: Computer: SCT302-03
[2018.05.17-20.04.04:709][  0]LogInit: User: gd50ian
[2018.05.17-20.04.04:709][  0]LogInit: CPU Page size=4096, Cores=4
[2018.05.17-20.04.04:709][  0]LogInit: High frequency timer resolution =3.410073 MHz
[2018.05.17-20.04.04:710][  0]LogMemory: Memory total: Physical=31.9GB (32GB approx)
[2018.05.17-20.04.04:710][  0]LogMemory: Platform Memory Stats for Windows
[2018.05.17-20.04.04:710][  0]LogMemory: Process Physical Memory: 280.16 MB used, 280.16 MB peak
[2018.05.17-20.04.04:710][  0]LogMemory: Process Virtual Memory: 269.30 MB used, 269.30 MB peak
[2018.05.17-20.04.04:710][  0]LogMemory: Physical Memory: 9034.99 MB used,  23649.25 MB free, 32684.24 MB total
[2018.05.17-20.04.04:710][  0]LogMemory: Virtual Memory: 699.29 MB used,  23649.25 MB free, 134217728.00 MB total
[2018.05.17-20.04.04:817][  0]LogInit: Using OS detected language (en-US).
[2018.05.17-20.04.04:817][  0]LogInit: Using OS detected locale (en-US).
[2018.05.17-20.04.04:825][  0]LogTextLocalizationManager: No specific localization for 'en-US' exists, so the 'en' localization will be used.
[2018.05.17-20.04.05:235][  0]LogStreaming: Display: Took  0.419s to EndInitTextLocalization.
[2018.05.17-20.04.05:235][  0]LogInit: Setting process to per monitor DPI aware
[2018.05.17-20.04.05:281][  0]LogSlate: New Slate User Created.  User Index 0, Is Virtual User: 0
[2018.05.17-20.04.05:281][  0]LogSlate: Slate User Registered.  User Index 0, Is Virtual User: 0
[2018.05.17-20.04.05:478][  0]LogD3D11RHI: D3D11 adapters:
[2018.05.17-20.04.05:534][  0]LogD3D11RHI:    0. 'NVIDIA Quadro P4000' (Feature Level 11_0)
[2018.05.17-20.04.05:534][  0]LogD3D11RHI:       8092/0/16342 MB DedicatedVideo/DedicatedSystem/SharedSystem, Outputs:1, VendorId:0x10de
[2018.05.17-20.04.05:535][  0]LogD3D11RHI:    1. 'Microsoft Basic Render Driver' (Feature Level 11_0)
[2018.05.17-20.04.05:535][  0]LogD3D11RHI:       0/0/16342 MB DedicatedVideo/DedicatedSystem/SharedSystem, Outputs:0, VendorId:0x1414
[2018.05.17-20.04.05:535][  0]LogD3D11RHI: Chosen D3D11 Adapter: 0
[2018.05.17-20.04.05:541][  0]LogD3D11RHI: Creating new Direct3DDevice
[2018.05.17-20.04.05:541][  0]LogD3D11RHI:     GPU DeviceId: 0x1bb1 (for the marketing name, search the web for "GPU Device Id")
[2018.05.17-20.04.05:541][  0]LogWindows: EnumDisplayDevices:
[2018.05.17-20.04.05:541][  0]LogWindows:    0. 'NVIDIA Quadro P4000' (P:1 D:1)
[2018.05.17-20.04.05:541][  0]LogWindows:    1. 'NVIDIA Quadro P4000' (P:0 D:0)
[2018.05.17-20.04.05:541][  0]LogWindows:    2. 'NVIDIA Quadro P4000' (P:0 D:0)
[2018.05.17-20.04.05:542][  0]LogWindows:    3. 'NVIDIA Quadro P4000' (P:0 D:0)
[2018.05.17-20.04.05:542][  0]LogWindows: DebugString: FoundDriverCount:4 
[2018.05.17-20.04.05:542][  0]LogD3D11RHI:     Adapter Name: NVIDIA Quadro P4000
[2018.05.17-20.04.05:542][  0]LogD3D11RHI:   Driver Version: 391.33 (internal:23.21.13.9133, unified:391.33)
[2018.05.17-20.04.05:542][  0]LogD3D11RHI:      Driver Date: 3-22-2018
[2018.05.17-20.04.05:542][  0]LogRHI: Texture pool is 5665 MB (70% of 8092 MB)
[2018.05.17-20.04.05:579][  0]LogD3D11RHI: [Aftermath] Aftermath enabled and primed
[2018.05.17-20.04.05:579][  0]LogD3D11RHI: [Aftermath] Aftermath enabled and primed
[2018.05.17-20.04.05:579][  0]LogD3D11RHI: Async texture creation enabled
[2018.05.17-20.04.05:597][  0]LogD3D11RHI: GPU Timing Frequency: 1000.000000 (Debug: 2 2)
[2018.05.17-20.04.05:598][  0]LogShaderCompilers: Guid format shader working directory is -23 characters bigger than the processId version (../../../../../../Users/gd50ian/Documents/Unreal/Quest_GD50/Quest_GD50/Intermediate/Shaders/WorkingDirectory/32576/).
[2018.05.17-20.04.05:598][  0]LogShaderCompilers: Cleaned the shader compiler working directory 'C:/Users/gd50ian/AppData/Local/Temp/UnrealShaderWorkingDir/A9DCC2FD411C549F631250A84515123E/'.
[2018.05.17-20.04.06:323][  0]LogTemp: Display: Loaded TP AllDesktopTargetPlatform
[2018.05.17-20.04.06:339][  0]LogTemp: Display: Loaded TP MacClientTargetPlatform
[2018.05.17-20.04.06:353][  0]LogTemp: Display: Loaded TP MacNoEditorTargetPlatform
[2018.05.17-20.04.06:371][  0]LogTemp: Display: Loaded TP MacServerTargetPlatform
[2018.05.17-20.04.06:385][  0]LogTemp: Display: Loaded TP MacTargetPlatform
[2018.05.17-20.04.06:398][  0]LogTemp: Display: Loaded TP WindowsClientTargetPlatform
[2018.05.17-20.04.06:413][  0]LogTemp: Display: Loaded TP WindowsNoEditorTargetPlatform
[2018.05.17-20.04.06:427][  0]LogTemp: Display: Loaded TP WindowsServerTargetPlatform
[2018.05.17-20.04.06:433][  0]LogTemp: Display: Loaded TP WindowsTargetPlatform
[2018.05.17-20.04.06:445][  0]LogTemp: Display: Loaded TP Android_ASTCTargetPlatform
[2018.05.17-20.04.06:457][  0]LogTemp: Display: Loaded TP Android_ATCTargetPlatform
[2018.05.17-20.04.06:469][  0]LogTemp: Display: Loaded TP Android_DXTTargetPlatform
[2018.05.17-20.04.06:481][  0]LogTemp: Display: Loaded TP Android_ETC1aTargetPlatform
[2018.05.17-20.04.06:493][  0]LogTemp: Display: Loaded TP Android_ETC1TargetPlatform
[2018.05.17-20.04.06:512][  0]LogTemp: Display: Loaded TP Android_ETC2TargetPlatform
[2018.05.17-20.04.06:550][  0]LogTemp: Display: Loaded TP Android_MultiTargetPlatform
[2018.05.17-20.04.06:550][  0]LogTemp: Display: Loaded TP Android_PVRTCTargetPlatform
[2018.05.17-20.04.06:572][  0]LogTemp: Display: Loaded TP AndroidTargetPlatform
[2018.05.17-20.04.06:581][  0]LogTemp: Display: Loaded TP HTML5TargetPlatform
[2018.05.17-20.04.06:639][  0]LogTemp: Display: Loaded TP IOSTargetPlatform
[2018.05.17-20.04.06:658][  0]LogTemp: Display: Loaded TP TVOSTargetPlatform
[2018.05.17-20.04.06:677][  0]LogTemp: Display: Loaded TP LinuxClientTargetPlatform
[2018.05.17-20.04.06:697][  0]LogTemp: Display: Loaded TP LinuxNoEditorTargetPlatform
[2018.05.17-20.04.06:716][  0]LogTemp: Display: Loaded TP LinuxServerTargetPlatform
[2018.05.17-20.04.06:735][  0]LogTemp: Display: Loaded TP LinuxTargetPlatform
[2018.05.17-20.04.06:735][  0]LogTargetPlatformManager: Display: Building Assets For Windows
[2018.05.17-20.04.06:841][  0]LogXGEController: Cleaning working directory: C:/Users/gd50ian/AppData/Local/Temp/UnrealXGEWorkingDir/
[2018.05.17-20.04.06:842][  0]LogXGEController: Cannot use XGE Controller as Incredibuild is not installed on this machine.
[2018.05.17-20.04.06:842][  0]LogShaderCompilers: Cannot use XGE Shader Compiler as Incredibuild is not installed on this machine.
[2018.05.17-20.04.06:842][  0]LogShaderCompilers: Display: Using Local Shader Compiler.
[2018.05.17-20.04.07:576][  0]LogDerivedDataCache: Display: Max Cache Size: 512 MB
[2018.05.17-20.04.07:650][  0]LogDerivedDataCache: Loaded boot cache 0.07s 74MB C:/Users/gd50ian/AppData/Local/UnrealEngine/4.19/DerivedDataCache/Boot.ddc.
[2018.05.17-20.04.07:650][  0]LogDerivedDataCache: Display: Loaded Boot cache: C:/Users/gd50ian/AppData/Local/UnrealEngine/4.19/DerivedDataCache/Boot.ddc
[2018.05.17-20.04.07:650][  0]LogDerivedDataCache: FDerivedDataBackendGraph:  Pak pak cache file ../../../../../../Users/gd50ian/Documents/Unreal/Quest_GD50/Quest_GD50/DerivedDataCache/DDC.ddp not found, will not use a pak cache.
[2018.05.17-20.04.07:650][  0]LogDerivedDataCache: Unable to find inner node Pak for hierarchical cache Hierarchy.
[2018.05.17-20.04.07:650][  0]LogDerivedDataCache: FDerivedDataBackendGraph:  CompressedPak pak cache file ../../../../../../Users/gd50ian/Documents/Unreal/Quest_GD50/Quest_GD50/DerivedDataCache/Compressed.ddp not found, will not use a pak cache.
[2018.05.17-20.04.07:650][  0]LogDerivedDataCache: Unable to find inner node CompressedPak for hierarchical cache Hierarchy.
[2018.05.17-20.04.07:670][  0]LogDerivedDataCache: Display: Pak cache opened for reading ../../../Engine/DerivedDataCache/Compressed.ddp.
[2018.05.17-20.04.07:683][  0]LogDerivedDataCache: Using Local data cache path C:/Users/gd50ian/AppData/Local/UnrealEngine/Common/DerivedDataCache: Writable
[2018.05.17-20.04.07:696][  0]LogMaterial: Verifying Global Shaders for PCD3D_SM5
[2018.05.17-20.04.07:697][  0]LogSlate: Using Freetype 2.6.0
[2018.05.17-20.04.07:697][  0]LogSlate: SlateFontCache - WITH_FREETYPE: 1, WITH_HARFBUZZ: 1
[2018.05.17-20.04.07:697][  0]LogSlate: SlateFontCache - WITH_FREETYPE: 1, WITH_HARFBUZZ: 1
[2018.05.17-20.04.07:824][  0]LogAssetRegistry: FAssetRegistry took 0.0261 seconds to start up
[2018.05.17-20.04.08:192][  0]LogInit: Selected Device Profile: [Windows]
[2018.05.17-20.04.08:333][  0]LogSimplygon: Simplygon DLL not present - disabling.
[2018.05.17-20.04.08:335][  0]LogMeshReduction: Using SimplygonSwarm for distributed automatic mesh merging
[2018.05.17-20.04.08:335][  0]LogMeshReduction: Using QuadricMeshReduction for automatic static mesh reduction
[2018.05.17-20.04.08:335][  0]LogMeshReduction: No automatic skeletal mesh reduction module available
[2018.05.17-20.04.08:335][  0]LogMeshReduction: No automatic mesh merging module available
[2018.05.17-20.04.08:335][  0]LogMeshMerging: No automatic mesh merging module available
[2018.05.17-20.04.08:363][  0]LogNetVersion: Quest_GD50 , NetCL: 3944462, EngineNetVer: 2, GameNetVer: 0 (Checksum: 405932995)
[2018.05.17-20.04.08:761][  0]LogPackageLocalizationCache: Processed 9 localized package path(s) for 2 prioritized culture(s) in 0.067610 seconds
[2018.05.17-20.04.08:767][  0]LogUObjectArray: 36728 objects as part of root set at end of initial load.
[2018.05.17-20.04.08:767][  0]LogUObjectAllocator: 7314304 out of 0 bytes used by permanent object pool.
[2018.05.17-20.04.08:767][  0]LogUObjectArray: CloseDisregardForGC: 0/0 objects in disregard for GC pool
[2018.05.17-20.04.10:360][  0]LogTcpMessaging: Initializing TcpMessaging bridge
[2018.05.17-20.04.10:388][  0]LogUdpMessaging: Initializing bridge on interface 0.0.0.0:0 to multicast group 230.0.0.1:6666.
[2018.05.17-20.04.10:785][  0]SourceControl: Source control is disabled
[2018.05.17-20.04.11:782][  0]LogAndroidPermission: UAndroidPermissionCallbackProxy::GetInstance
[2018.05.17-20.04.11:954][  0]LogOcInput: OculusInput pre-init called
[2018.05.17-20.04.12:101][  0]LogEngine: Initializing Engine...
[2018.05.17-20.04.12:102][  0]LogHMD: Failed to initialize OpenVR with code 110
[2018.05.17-20.04.12:104][  0]LogStats: UGameplayTagsManager::ConstructGameplayTagTree: Construct from data asset -  0.000 s
[2018.05.17-20.04.12:104][  0]LogStats: UGameplayTagsManager::ConstructGameplayTagTree: GameplayTagTreeChangedEvent.Broadcast -  0.000 s
[2018.05.17-20.04.12:346][  0]LogAIModule: Creating AISystem for world Untitled
[2018.05.17-20.04.12:351][  0]LogInit: XAudio2 using 'Speakers (Realtek High Definition Audio)' : 2 channels at 48 kHz using 32 bits per sample (channel mask 0x3)
[2018.05.17-20.04.12:417][  0]LogInit: FAudioDevice initialized.
[2018.05.17-20.04.12:518][  0]LogDerivedDataCache: Saved boot cache 0.10s 74MB C:/Users/gd50ian/AppData/Local/UnrealEngine/4.19/DerivedDataCache/Boot.ddc.
[2018.05.17-20.04.12:530][  0]LogInit: Texture streaming: Enabled
[2018.05.17-20.04.12:582][  0]LogEngineSessionManager: EngineSessionManager initialized
[2018.05.17-20.04.12:616][  0]LogInit: Transaction tracking system initialized
[2018.05.17-20.04.12:710][  0]BlueprintLog: New page: Editor Load
[2018.05.17-20.04.12:908][  0]LocalizationService: Localization service is disabled
[2018.05.17-20.04.13:020][  0]LogConsoleResponse: Display: 
[2018.05.17-20.04.13:145][  0]LogCook: Display: Max memory allowance for cook 16384mb min free memory 0mb
[2018.05.17-20.04.13:145][  0]LogCook: Display: Mobile HDR setting 1
[2018.05.17-20.04.13:145][  0]LogGameplayTags: Display: UGameplayTagsManager::DoneAddingNativeTags. DelegateIsBound: 0
[2018.05.17-20.04.13:145][  0]LogStats: UGameplayTagsManager::ConstructGameplayTagTree: Construct from data asset -  0.000 s
[2018.05.17-20.04.13:145][  0]LogStats: UGameplayTagsManager::ConstructGameplayTagTree: GameplayTagTreeChangedEvent.Broadcast -  0.000 s
[2018.05.17-20.04.13:441][  0]LogFileCache: Scanning file cache for directory 'C:/Users/gd50ian/Documents/Unreal/Quest_GD50/Quest_GD50/Content/' took 0.05s
[2018.05.17-20.04.13:492][  0]Cmd: MAP LOAD FILE="../../../../../../Users/gd50ian/Documents/Unreal/Quest_GD50/Quest_GD50/Content/Maps/Assets.umap" TEMPLATE=0 SHOWPROGRESS=1 FEATURELEVEL=3
[2018.05.17-20.04.13:493][  0]LightingResults: New page: Lighting Build
[2018.05.17-20.04.13:496][  0]MapCheck: New page: Map Check
[2018.05.17-20.04.13:496][  0]LightingResults: New page: Lighting Build
[2018.05.17-20.04.13:986][  0]LogClass: Warning: Enum '/Game/Blueprints/Ingredients/Enum_PatrolTypes.Enum_PatrolTypes' was upgraded to use FText to store its display name data. Please re-save this asset to avoid issues with localization and determinstic cooking.
[2018.05.17-20.04.13:995][  0]LogClass: Warning: Enum '/Game/Blueprints/Characters/Enum_UpdateHealth.Enum_UpdateHealth' was upgraded to use FText to store its display name data. Please re-save this asset to avoid issues with localization and determinstic cooking.
[2018.05.17-20.04.13:997][  0]LogClass: Warning: Enum '/Game/Blueprints/Characters/Enum_InventoryItemType.Enum_InventoryItemType' was upgraded to use FText to store its display name data. Please re-save this asset to avoid issues with localization and determinstic cooking.
[2018.05.17-20.04.14:007][  0]LogClass: Warning: Enum '/Game/Blueprints/Characters/Enum_ControlState.Enum_ControlState' was upgraded to use FText to store its display name data. Please re-save this asset to avoid issues with localization and determinstic cooking.
[2018.05.17-20.04.14:012][  0]LogClass: Warning: Enum '/Game/Blueprints/Characters/Enum_AIState.Enum_AIState' was upgraded to use FText to store its display name data. Please re-save this asset to avoid issues with localization and determinstic cooking.
[2018.05.17-20.04.14:020][  0]LogClass: Warning: Enum '/Game/Blueprints/Characters/Enum_Role.Enum_Role' was upgraded to use FText to store its display name data. Please re-save this asset to avoid issues with localization and determinstic cooking.
[2018.05.17-20.04.14:287][  0]LogBlueprint: Warning: [Compiler Juno_AnimBlueprint] Node  Transform (Modify) Bone - Bone: Character1_Hips  uses potentially thread-unsafe call  Get Mesh . Disable threaded update or use a thread-safe call. Function may need BlueprintThreadSafe metadata adding.
[2018.05.17-20.04.14:287][  0]LogBlueprint: Warning: [Compiler Juno_AnimBlueprint] Node  Transform (Modify) Bone - Bone: Character1_Hips  uses potentially thread-unsafe call  Get Mesh . Disable threaded update or use a thread-safe call. Function may need BlueprintThreadSafe metadata adding.
[2018.05.17-20.04.14:287][  0]LogBlueprint: Warning: [Compiler Juno_AnimBlueprint] Node  Transform (Modify) Bone - Bone: Character1_Hips  uses potentially thread-unsafe call  Get Mesh . Disable threaded update or use a thread-safe call. Function may need BlueprintThreadSafe metadata adding.
[2018.05.17-20.04.14:294][  0]LogBlueprint: Warning: [Compiler Juno_AnimBlueprint] [0012.39] Compile of Juno_AnimBlueprint successful, but with 3 Warning(s) [in 328 ms] (/Game/Animation/Juno_AnimBlueprint.Juno_AnimBlueprint)
[2018.05.17-20.04.14:466][  0]LogBlueprint: Warning: [Compiler BTT_Patrol] ProjectPointToNavigation_DEPRECATED  is deprecated; This version of ProjectPointToNavigation is deprecated. Please use the new version
[2018.05.17-20.04.14:473][  0]LogBlueprint: Warning: [Compiler BTT_Patrol] [0012.57] Compile of BTT_Patrol successful, but with 1 Warning(s) [in 13 ms] (/Game/AI/BTT_Patrol.BTT_Patrol)
[2018.05.17-20.04.16:128][  0]LogClass: Warning: Enum '/Game/Blueprints/Ingredients/Enum_SpawnerTypes.Enum_SpawnerTypes' was upgraded to use FText to store its display name data. Please re-save this asset to avoid issues with localization and determinstic cooking.
[2018.05.17-20.04.16:259][  0]LogClass: Warning: Enum '/Game/Blueprints/Ingredients/Enum_PickupTypes.Enum_PickupTypes' was upgraded to use FText to store its display name data. Please re-save this asset to avoid issues with localization and determinstic cooking.
[2018.05.17-20.04.16:260][  0]LogClass: Warning: Enum '/Game/Blueprints/Ingredients/Enum_PotionAffectTypes.Enum_PotionAffectTypes' was upgraded to use FText to store its display name data. Please re-save this asset to avoid issues with localization and determinstic cooking.
[2018.05.17-20.04.16:412][  0]LogBlueprint: Warning: [Compiler QuestLookAtTrigger] Clear Timer by Handle  is deprecated; Use Clear and Invalidate Timer by Handle. Note: you no longer need to reset your handle yourself after switching to the new function.
[2018.05.17-20.04.16:416][  0]LogBlueprint: Warning: [Compiler QuestLookAtTrigger] [0014.51] Compile of QuestLookAtTrigger successful, but with 1 Warning(s) [in 11 ms] (/Game/Blueprints/Ingredients/QuestLookAtTrigger.QuestLookAtTrigger)
[2018.05.17-20.04.18:708][  0]LogClass: Warning: Enum '/Game/Blueprints/Characters/Enum_AcquisitionType.Enum_AcquisitionType' was upgraded to use FText to store its display name data. Please re-save this asset to avoid issues with localization and determinstic cooking.
[2018.05.17-20.04.18:708][  0]LogClass: Warning: Enum '/Game/Blueprints/Characters/Enum_Standing.Enum_Standing' was upgraded to use FText to store its display name data. Please re-save this asset to avoid issues with localization and determinstic cooking.
[2018.05.17-20.04.18:708][  0]LogClass: Warning: Enum '/Game/Blueprints/Characters/Enum_Faction.Enum_Faction' was upgraded to use FText to store its display name data. Please re-save this asset to avoid issues with localization and determinstic cooking.
[2018.05.17-20.04.18:719][  0]LogSkeletalMesh: Skeletal Mesh found in DDC [0.307325ms] /Game/Characters/HumanWorker/Meshes/HumanWorker_SkeletalMesh.HumanWorker_SkeletalMesh
[2018.05.17-20.04.18:824][  0]LogMovieScene: Warning: Legacy data detected in sequence '/Game/UI/UMG/QuestUMG_IngameHUD (Unknown sequence)'. This will cause deterministic cooking issues. Please resave the package.
[2018.05.17-20.04.18:824][  0]LogMovieScene: Warning: Legacy data detected in sequence '/Game/UI/UMG/QuestUMG_IngameHUD (JournalEnter)'. This will cause deterministic cooking issues. Please resave the package.
[2018.05.17-20.04.18:824][  0]LogMovieScene: Warning: Legacy data detected in sequence '/Game/UI/UMG/QuestUMG_IngameHUD (Unknown sequence)'. This will cause deterministic cooking issues. Please resave the package.
[2018.05.17-20.04.18:824][  0]LogMovieScene: Warning: Legacy data detected in sequence '/Game/UI/UMG/QuestUMG_IngameHUD (JournalExit)'. This will cause deterministic cooking issues. Please resave the package.
[2018.05.17-20.04.18:824][  0]LogMovieScene: Warning: Legacy data detected in sequence '/Engine/Transient (Unknown sequence)'. This will cause deterministic cooking issues. Please resave the package.
[2018.05.17-20.04.18:824][  0]LogMovieScene: Warning: Legacy data detected in sequence '/Engine/Transient (JournalEnter_INST)'. This will cause deterministic cooking issues. Please resave the package.
[2018.05.17-20.04.18:824][  0]LogMovieScene: Warning: Legacy data detected in sequence '/Engine/Transient (Unknown sequence)'. This will cause deterministic cooking issues. Please resave the package.
[2018.05.17-20.04.18:824][  0]LogMovieScene: Warning: Legacy data detected in sequence '/Engine/Transient (JournalExit_INST)'. This will cause deterministic cooking issues. Please resave the package.
[2018.05.17-20.04.18:824][  0]LogMovieScene: Warning: Legacy data detected in sequence '/Game/UI/UMG/QuestUMG_IngameHUD (JournalEnter)'. This will cause deterministic cooking issues. Please resave the package.
[2018.05.17-20.04.18:825][  0]LogMovieScene: Warning: Legacy data detected in sequence '/Game/UI/UMG/QuestUMG_IngameHUD (JournalExit)'. This will cause deterministic cooking issues. Please resave the package.
[2018.05.17-20.04.18:825][  0]LogMovieScene: Warning: Legacy data detected in sequence '/Engine/Transient (JournalEnter_INST)'. This will cause deterministic cooking issues. Please resave the package.
[2018.05.17-20.04.18:825][  0]LogMovieScene: Warning: Legacy data detected in sequence '/Engine/Transient (JournalExit_INST)'. This will cause deterministic cooking issues. Please resave the package.
[2018.05.17-20.04.18:825][  0]LogMovieScene: Warning: Legacy data detected in sequence '/Game/UI/UMG/QuestUMG_IngameHUD (JournalEnter)'. This will cause deterministic cooking issues. Please resave the package.
[2018.05.17-20.04.18:825][  0]LogMovieScene: Warning: Legacy data detected in sequence '/Game/UI/UMG/QuestUMG_IngameHUD (JournalExit)'. This will cause deterministic cooking issues. Please resave the package.
[2018.05.17-20.04.18:825][  0]LogMovieScene: Warning: Legacy data detected in sequence '/Engine/Transient (JournalEnter_INST)'. This will cause deterministic cooking issues. Please resave the package.
[2018.05.17-20.04.18:825][  0]LogMovieScene: Warning: Legacy data detected in sequence '/Engine/Transient (JournalExit_INST)'. This will cause deterministic cooking issues. Please resave the package.
[2018.05.17-20.04.18:863][  0]LogClass: Warning: Enum '/Game/Blueprints/Ingredients/Enum_MarkerType.Enum_MarkerType' was upgraded to use FText to store its display name data. Please re-save this asset to avoid issues with localization and determinstic cooking.
[2018.05.17-20.04.19:588][  0]LogSkeletalMesh: Skeletal Mesh found in DDC [0.436061ms] /Game/Characters/Juno/Meshes/Juno_SkeletalMesh.Juno_SkeletalMesh
[2018.05.17-20.04.19:598][  0]LogSkeletalMesh: Skeletal Mesh found in DDC [0.185627ms] /Game/Characters/AnimalPig/Meshes/AnimalPig_SkeletalMesh.AnimalPig_SkeletalMesh
[2018.05.17-20.04.19:625][  0]LogSkeletalMesh: Skeletal Mesh found in DDC [0.210259ms] /Game/Characters/AnimalRooster/Meshes/AnimalRooster_SkeletalMesh.AnimalRooster_SkeletalMesh
[2018.05.17-20.04.19:686][  0]LogSkeletalMesh: Skeletal Mesh found in DDC [0.308498ms] /Game/Characters/DemonImp/Meshes/DemonImp_SkeletalMesh.DemonImp_SkeletalMesh
[2018.05.17-20.04.19:709][  0]LogSkeletalMesh: Skeletal Mesh found in DDC [0.352192ms] /Game/Characters/DemonGrunt/Meshes/DemonGrunt_SkeletalMesh.DemonGrunt_SkeletalMesh
[2018.05.17-20.04.19:744][  0]LogSkeletalMesh: Skeletal Mesh found in DDC [0.329025ms] /Game/Characters/DemonFat/Meshes/DemonFat_SkeletalMesh.DemonFat_SkeletalMesh
[2018.05.17-20.04.19:770][  0]LogSkeletalMesh: Skeletal Mesh found in DDC [0.493245ms] /Game/Characters/DemonBoss/Meshes/DemonBoss_SkeletalMesh.DemonBoss_SkeletalMesh
[2018.05.17-20.04.19:777][  0]LogSkeletalMesh: Skeletal Mesh found in DDC [0.259525ms] /Game/Characters/HumanArcher/Meshes/HumanArcher_SkeletalMesh.HumanArcher_SkeletalMesh
[2018.05.17-20.04.19:790][  0]LogSkeletalMesh: Skeletal Mesh found in DDC [0.218764ms] /Game/Characters/MicroDemon/Meshes/MicroDemon_SkeletalMesh.MicroDemon_SkeletalMesh
[2018.05.17-20.04.19:832][  0]LogSkeletalMesh: Skeletal Mesh found in DDC [0.307618ms] /Game/Characters/HumanWarrior/Meshes/HumanWarrior_SkeletalMesh.HumanWarrior_SkeletalMesh
[2018.05.17-20.04.19:866][  0]LogSkeletalMesh: Skeletal Mesh found in DDC [0.284158ms] /Game/Characters/MiniDragon/Meshes/MiniDragon_SkeletalMesh.MiniDragon_SkeletalMesh
[2018.05.17-20.04.19:886][  0]LogSkeletalMesh: Skeletal Mesh found in DDC [0.712008ms] /Game/Characters/SkeletonKing/Meshes/SkeletonKing_SkeletalMesh.SkeletonKing_SkeletalMesh
[2018.05.17-20.04.19:906][  0]LogSkeletalMesh: Skeletal Mesh found in DDC [0.578580ms] /Game/Characters/SkeletonGrunt/Meshes/SkeletonGrunt_SkeletalMesh.SkeletonGrunt_SkeletalMesh
[2018.05.17-20.04.20:221][  0]LogSkeletalMesh: Skeletal Mesh found in DDC [0.226975ms] /Game/Characters/MicroDragon/Meshes/MicroDragon_SkeletalMesh.MicroDragon_SkeletalMesh
[2018.05.17-20.04.20:317][  0]LogSkeletalMesh: Skeletal Mesh found in DDC [0.199116ms] /Game/Characters/AnimalCow/Meshes/AnimalCow_SkeletalMesh.AnimalCow_SkeletalMesh
[2018.05.17-20.04.20:333][  0]LogSkeletalMesh: Skeletal Mesh found in DDC [0.192078ms] /Game/Characters/AnimalCat/Meshes/AnimalCat_SkeletalMesh.AnimalCat_SkeletalMesh
[2018.05.17-20.04.20:387][  0]LogSkeletalMesh: Skeletal Mesh found in DDC [0.323747ms] /Game/Characters/DemonBomb/Meshes/DemonBomb_SkeletalMesh.DemonBomb_SkeletalMesh
[2018.05.17-20.04.20:389][  0]LogSkeletalMesh: Skeletal Mesh found in DDC [0.361869ms] /Game/Characters/SkeletonArcher/Meshes/SkeletonArcher_SkeletalMesh.SkeletonArcher_SkeletalMesh
[2018.05.17-20.04.20:398][  0]LogSkeletalMesh: Skeletal Mesh found in DDC [0.306152ms] /Game/Characters/SkeletonMage/Meshes/SkeletonMage_SkeletalMesh.SkeletonMage_SkeletalMesh
[2018.05.17-20.04.20:421][  0]LogSkeletalMesh: Skeletal Mesh found in DDC [0.286504ms] /Game/Characters/ZombieFat/Meshes/ZombieFat_SkeletalMesh.ZombieFat_SkeletalMesh
[2018.05.17-20.04.20:442][  0]LogSkeletalMesh: Skeletal Mesh found in DDC [0.343688ms] /Game/Characters/ZombieCommoner/Meshes/ZombieCommoner_SkeletalMesh.ZombieCommoner_SkeletalMesh
[2018.05.17-20.04.20:465][  0]LogSkeletalMesh: Skeletal Mesh found in DDC [0.521103ms] /Game/Characters/ZombieBoss/Meshes/ZombieBoss_SkeletalMesh.ZombieBoss_SkeletalMesh
[2018.05.17-20.04.20:488][  0]LogSkeletalMesh: Skeletal Mesh found in DDC [0.469198ms] /Game/Characters/SkeletonSwordsman/Meshes/SkeletonSwordsman_SkeletalMesh.SkeletonSwordsman_SkeletalMesh
[2018.05.17-20.04.20:509][  0]LogSkeletalMesh: Skeletal Mesh found in DDC [0.459521ms] /Game/Characters/ZombieMurderer/Meshes/ZombieMurderer_SkeletalMesh.ZombieMurderer_SkeletalMesh
[2018.05.17-20.04.20:534][  0]LogSkeletalMesh: Skeletal Mesh found in DDC [0.338702ms] /Game/Characters/ZombieSnapper/Meshes/ZombieSnapper_SkeletalMesh.ZombieSnapper_SkeletalMesh
[2018.05.17-20.04.20:559][  0]LogClass: Warning: Enum '/Game/Blueprints/Ingredients/Enum_KeyType.Enum_KeyType' was upgraded to use FText to store its display name data. Please re-save this asset to avoid issues with localization and determinstic cooking.
[2018.05.17-20.04.20:569][  0]LogClass: Warning: Enum '/Game/Blueprints/Ingredients/Enum_PotionAmountTypes.Enum_PotionAmountTypes' was upgraded to use FText to store its display name data. Please re-save this asset to avoid issues with localization and determinstic cooking.
[2018.05.17-20.04.20:679][  0]LogClass: Warning: Enum '/Game/Blueprints/Ingredients/Enum_ChestTypes.Enum_ChestTypes' was upgraded to use FText to store its display name data. Please re-save this asset to avoid issues with localization and determinstic cooking.
[2018.05.17-20.04.20:816][  0]LogClass: Warning: Enum '/Game/Blueprints/Ingredients/Enum_DungeonDoorType.Enum_DungeonDoorType' was upgraded to use FText to store its display name data. Please re-save this asset to avoid issues with localization and determinstic cooking.
[2018.05.17-20.04.20:988][  0]LogClass: Warning: Enum '/Game/Blueprints/Ingredients/Enum_MayanDoorTypes.Enum_MayanDoorTypes' was upgraded to use FText to store its display name data. Please re-save this asset to avoid issues with localization and determinstic cooking.
[2018.05.17-20.04.21:089][  0]LogClass: Warning: Enum '/Game/Blueprints/Ingredients/Enum_MovingLiquidType.Enum_MovingLiquidType' was upgraded to use FText to store its display name data. Please re-save this asset to avoid issues with localization and determinstic cooking.
[2018.05.17-20.04.21:493][  0]LogAIModule: Creating AISystem for world Assets
[2018.05.17-20.04.21:520][  0]LogPhysics: Warning: Initialising Body : Scale3D is (nearly) zero: Component: '/Game/Maps/Assets.Assets:PersistentLevel.BP_meshesPreview36_2352.NODE_AddStaticMeshComponent-0_916' 
[2018.05.17-20.04.21:520][  0]LogPhysics: Warning: Initialising Body : Scale3D is (nearly) zero: Component: '/Game/Maps/Assets.Assets:PersistentLevel.BP_meshesPreview36_2352.NODE_AddStaticMeshComponent-0_917' 
[2018.05.17-20.04.21:525][  0]LogPhysics: Warning: Initialising Body : Scale3D is (nearly) zero: Component: '/Game/Maps/Assets.Assets:PersistentLevel.BP_meshesPreview33_1770.NODE_AddStaticMeshComponent-0_969' 
[2018.05.17-20.04.21:534][  0]LogPhysics: Warning: Initialising Body : Scale3D is (nearly) zero: Component: '/Game/Maps/Assets.Assets:PersistentLevel.BP_meshesPreview26.NODE_AddStaticMeshComponent-0_1066' 
[2018.05.17-20.04.21:534][  0]LogPhysics: Warning: Initialising Body : Scale3D is (nearly) zero: Component: '/Game/Maps/Assets.Assets:PersistentLevel.BP_meshesPreview26.NODE_AddStaticMeshComponent-0_1067' 
[2018.05.17-20.04.21:537][  0]LogPhysics: Warning: Initialising Body : Scale3D is (nearly) zero: Component: '/Game/Maps/Assets.Assets:PersistentLevel.BP_meshesPreview23.NODE_AddStaticMeshComponent-0_1109' 
[2018.05.17-20.04.21:563][  0]LogPhysics: Warning: Initialising Body : Scale3D is (nearly) zero: Component: '/Game/Maps/Assets.Assets:PersistentLevel.BP_meshesPreview46.NODE_AddStaticMeshComponent-0_1455' 
[2018.05.17-20.04.21:564][  0]LogPhysics: Warning: Initialising Body : Scale3D is (nearly) zero: Component: '/Game/Maps/Assets.Assets:PersistentLevel.BP_meshesPreview46.NODE_AddStaticMeshComponent-0_1460' 
[2018.05.17-20.04.21:649][  0]LogPhysics: Warning: Initialising Body : Scale3D is (nearly) zero: Component: '/Game/Maps/Assets.Assets:PersistentLevel.BP_meshesPreview36_2352.NODE_AddStaticMeshComponent-0_121' 
[2018.05.17-20.04.21:649][  0]LogPhysics: Warning: Initialising Body : Scale3D is (nearly) zero: Component: '/Game/Maps/Assets.Assets:PersistentLevel.BP_meshesPreview36_2352.NODE_AddStaticMeshComponent-0_122' 
[2018.05.17-20.04.21:667][  0]LogPhysics: Warning: Initialising Body : Scale3D is (nearly) zero: Component: '/Game/Maps/Assets.Assets:PersistentLevel.BP_meshesPreview33_1770.NODE_AddStaticMeshComponent-0_174' 
[2018.05.17-20.04.21:714][  0]LogPhysics: Warning: Initialising Body : Scale3D is (nearly) zero: Component: '/Game/Maps/Assets.Assets:PersistentLevel.BP_meshesPreview26.NODE_AddStaticMeshComponent-0_271' 
[2018.05.17-20.04.21:714][  0]LogPhysics: Warning: Initialising Body : Scale3D is (nearly) zero: Component: '/Game/Maps/Assets.Assets:PersistentLevel.BP_meshesPreview26.NODE_AddStaticMeshComponent-0_272' 
[2018.05.17-20.04.21:726][  0]LogScriptCore: Warning: Script Msg: Attempted to access index 15 from array 'v_staticMesh' of length 15 in '/Game/Blueprints/Tools/BP_meshesPreview.BP_meshesPreview_C'!
[2018.05.17-20.04.21:726][  0]LogScriptCore: Warning: Script Msg: Attempted to access index 15 from array 'v_meshStartRotation' of length 15 in '/Game/Blueprints/Tools/BP_meshesPreview.BP_meshesPreview_C'!
[2018.05.17-20.04.21:726][  0]LogScriptCore: Warning: Script Msg: Attempted to access index 15 from array 'v_manualLocation' of length 15 in '/Game/Blueprints/Tools/BP_meshesPreview.BP_meshesPreview_C'!
[2018.05.17-20.04.21:726][  0]LogScriptCore: Warning: Script Msg: Attempted to access index 15 from array 'v_staticMesh' of length 15 in '/Game/Blueprints/Tools/BP_meshesPreview.BP_meshesPreview_C'!
[2018.05.17-20.04.21:733][  0]LogPhysics: Warning: Initialising Body : Scale3D is (nearly) zero: Component: '/Game/Maps/Assets.Assets:PersistentLevel.BP_meshesPreview23.NODE_AddStaticMeshComponent-0_314' 
[2018.05.17-20.04.21:736][  0]LogScriptCore: Warning: Script Msg: Attempted to access index 2 from array 'v_manualLocation' of length 2 in '/Game/Blueprints/Tools/BP_meshesPreview.BP_meshesPreview_C'!
[2018.05.17-20.04.21:736][  0]LogScriptCore: Warning: Script Msg: Attempted to access index 3 from array 'v_manualLocation' of length 2 in '/Game/Blueprints/Tools/BP_meshesPreview.BP_meshesPreview_C'!
[2018.05.17-20.04.21:736][  0]LogScriptCore: Warning: Script Msg: Attempted to access index 4 from array 'v_manualLocation' of length 2 in '/Game/Blueprints/Tools/BP_meshesPreview.BP_meshesPreview_C'!
[2018.05.17-20.04.21:736][  0]LogScriptCore: Warning: Script Msg: Attempted to access index 5 from array 'v_manualLocation' of length 2 in '/Game/Blueprints/Tools/BP_meshesPreview.BP_meshesPreview_C'!
[2018.05.17-20.04.21:737][  0]LogScriptCore: Warning: Script Msg: Attempted to access index 6 from array 'v_manualLocation' of length 2 in '/Game/Blueprints/Tools/BP_meshesPreview.BP_meshesPreview_C'!
[2018.05.17-20.04.21:737][  0]LogScriptCore: Warning: Script Msg: Attempted to access index 7 from array 'v_manualLocation' of length 2 in '/Game/Blueprints/Tools/BP_meshesPreview.BP_meshesPreview_C'!
[2018.05.17-20.04.21:737][  0]LogScriptCore: Warning: Script Msg: Attempted to access index 8 from array 'v_manualLocation' of length 2 in '/Game/Blueprints/Tools/BP_meshesPreview.BP_meshesPreview_C'!
[2018.05.17-20.04.21:737][  0]LogScriptCore: Warning: Script Msg: Attempted to access index 9 from array 'v_manualLocation' of length 2 in '/Game/Blueprints/Tools/BP_meshesPreview.BP_meshesPreview_C'!
[2018.05.17-20.04.21:738][  0]LogScriptCore: Warning: Script Msg: Attempted to access index 10 from array 'v_manualLocation' of length 2 in '/Game/Blueprints/Tools/BP_meshesPreview.BP_meshesPreview_C'!
[2018.05.17-20.04.21:738][  0]LogScriptCore: Warning: Script Msg: Attempted to access index 11 from array 'v_manualLocation' of length 2 in '/Game/Blueprints/Tools/BP_meshesPreview.BP_meshesPreview_C'!
[2018.05.17-20.04.21:738][  0]LogScriptCore: Warning: Script Msg: Attempted to access index 12 from array 'v_manualLocation' of length 2 in '/Game/Blueprints/Tools/BP_meshesPreview.BP_meshesPreview_C'!
[2018.05.17-20.04.21:738][  0]LogScriptCore: Warning: Script Msg: Attempted to access index 13 from array 'v_manualLocation' of length 2 in '/Game/Blueprints/Tools/BP_meshesPreview.BP_meshesPreview_C'!
[2018.05.17-20.04.21:739][  0]LogScriptCore: Warning: Script Msg: Attempted to access index 14 from array 'v_manualLocation' of length 2 in '/Game/Blueprints/Tools/BP_meshesPreview.BP_meshesPreview_C'!
[2018.05.17-20.04.21:774][  0]LogScriptCore: Warning: Script Msg: Attempted to access index 15 from array 'v_staticMesh' of length 15 in '/Game/Blueprints/Tools/BP_meshesPreview.BP_meshesPreview_C'!
[2018.05.17-20.04.21:774][  0]LogScriptCore: Warning: Script Msg: Attempted to access index 15 from array 'v_meshStartRotation' of length 15 in '/Game/Blueprints/Tools/BP_meshesPreview.BP_meshesPreview_C'!
[2018.05.17-20.04.21:774][  0]LogScriptCore: Warning: Script Msg: Attempted to access index 15 from array 'v_manualLocation' of length 15 in '/Game/Blueprints/Tools/BP_meshesPreview.BP_meshesPreview_C'!
[2018.05.17-20.04.21:774][  0]LogScriptCore: Warning: Script Msg: Attempted to access index 15 from array 'v_staticMesh' of length 15 in '/Game/Blueprints/Tools/BP_meshesPreview.BP_meshesPreview_C'!
[2018.05.17-20.04.21:825][  0]LogScriptCore: Warning: Script Msg: Attempted to access index 15 from array 'v_meshStartRotation' of length 15 in '/Game/Blueprints/Tools/BP_meshesPreview.BP_meshesPreview_C'!
[2018.05.17-20.04.21:826][  0]LogScriptCore: Warning: Script Msg: Attempted to access index 16 from array 'v_meshStartRotation' of length 15 in '/Game/Blueprints/Tools/BP_meshesPreview.BP_meshesPreview_C'!
[2018.05.17-20.04.21:826][  0]LogScriptCore: Warning: Script Msg: Attempted to access index 17 from array 'v_meshStartRotation' of length 15 in '/Game/Blueprints/Tools/BP_meshesPreview.BP_meshesPreview_C'!
[2018.05.17-20.04.21:876][  0]LogPhysics: Warning: Initialising Body : Scale3D is (nearly) zero: Component: '/Game/Maps/Assets.Assets:PersistentLevel.BP_meshesPreview46.NODE_AddStaticMeshComponent-0_660' 
[2018.05.17-20.04.21:877][  0]LogPhysics: Warning: Initialising Body : Scale3D is (nearly) zero: Component: '/Game/Maps/Assets.Assets:PersistentLevel.BP_meshesPreview46.NODE_AddStaticMeshComponent-0_665' 
[2018.05.17-20.04.21:926][  0]LogEditorServer: Finished looking for orphan Actors (0.000 secs)
[2018.05.17-20.04.22:046][  0]Cmd: MAP CHECKDEP NOCLEARLOG
[2018.05.17-20.04.22:285][  0]MapCheck: Map check complete: 0 Error(s), 0 Warning(s), took 239.224ms to complete.
[2018.05.17-20.04.22:285][  0]LogFileHelpers: Loading map 'Assets' took 8.793
[2018.05.17-20.04.22:396][  0]LogCollectionManager: Loaded 13 collections in 0.007300 seconds
[2018.05.17-20.04.22:437][  0]LogFileCache: Scanning file cache for directory 'C:/Users/gd50ian/Documents/Unreal/Quest_GD50/Quest_GD50/Saved/Collections/' took 0.01s
[2018.05.17-20.04.22:438][  0]LogFileCache: Scanning file cache for directory 'C:/Users/gd50ian/Documents/Unreal/Quest_GD50/Quest_GD50/Content/Developers/gd50ian/Collections/' took 0.01s
[2018.05.17-20.04.22:438][  0]LogFileCache: Scanning file cache for directory 'C:/Users/gd50ian/Documents/Unreal/Quest_GD50/Quest_GD50/Content/Collections/' took 0.01s
[2018.05.17-20.04.22:438][  0]LogCollectionManager: Rebuilt the GUID cache for 13 collections in 0.000005 seconds
[2018.05.17-20.04.22:438][  0]LogCollectionManager: Rebuilt the hierarchy cache for 13 collections in 0.000003 seconds
[2018.05.17-20.04.22:448][  0]LogContentBrowser: Native class hierarchy populated in 0.0099 seconds. Added 2468 classes and 565 folders.
[2018.05.17-20.04.22:470][  0]LogContentBrowser: Native class hierarchy updated for 'WidgetCarousel' in 0.0002 seconds. Added 0 classes and 0 folders.
[2018.05.17-20.04.22:521][  0]LogContentBrowser: Native class hierarchy updated for 'AddContentDialog' in 0.0002 seconds. Added 0 classes and 0 folders.
[2018.05.17-20.04.22:527][  0]LogContentBrowser: Native class hierarchy updated for 'SceneOutliner' in 0.0002 seconds. Added 1 classes and 2 folders.
[2018.05.17-20.04.22:548][  0]LogSlate: Took 0.000243 seconds to synchronously load lazily loaded font '../../../Engine/Content/Slate/Fonts/Roboto-Regular.ttf' (155K)
[2018.05.17-20.04.22:549][  0]LogSlate: Took 0.000206 seconds to synchronously load lazily loaded font '../../../Engine/Content/Slate/Fonts/Roboto-Bold.ttf' (160K)
[2018.05.17-20.04.22:554][  0]LogSlate: Took 0.000263 seconds to synchronously load lazily loaded font '../../../Engine/Content/Editor/Slate/Fonts/FontAwesome.ttf' (139K)
[2018.05.17-20.04.22:642][  0]LogRenderer: Reallocating scene render targets to support 1208x652 Format 10 NumSamples 1 (Frame:1).
[2018.05.17-20.04.22:874][  0]LogContentBrowser: Native class hierarchy updated for 'HierarchicalLODOutliner' in 0.0003 seconds. Added 0 classes and 0 folders.
[2018.05.17-20.04.22:874][  0]LogLoad: (Engine Initialization) Total time: 20.97 seconds
[2018.05.17-20.04.22:874][  0]LogLoad: (Engine Initialization) Total Blueprint compile time: 0.00 seconds
[2018.05.17-20.04.23:285][  0]LogContentStreaming: Texture pool size now 1000 MB
[2018.05.17-20.04.23:347][  0]LogSlate: Took 0.000190 seconds to synchronously load lazily loaded font '../../../Engine/Content/Slate/Fonts/Roboto-Light.ttf' (167K)
[2018.05.17-20.04.23:561][  1]LogFileCache: Retrieving MD5 hashes for directory 'C:/Users/gd50ian/Documents/Unreal/Quest_GD50/Quest_GD50/Content/' took 0.32s
[2018.05.17-20.04.23:899][  2]LogAssetRegistry: Asset discovery search completed in 16.0968 seconds
[2018.05.17-20.04.23:905][  2]LogCollectionManager: Rebuilt the object cache for 13 collections in 0.000433 seconds (found 808 objects)
[2018.05.17-20.04.23:905][  2]LogCollectionManager: Fixed up redirectors for 13 collections in 0.000874 seconds (updated 0 objects)
[2018.05.17-20.04.29:544][ 19]LogSlate: FSceneViewport::OnFocusLost() reason 0
[2018.05.17-20.05.20:481][972]LogSlate: Window 'Quest_GD50 - Unreal Editor' being destroyed
[2018.05.17-20.05.20:482][972]LogWindowsTextInputMethodSystem: Display: IME system now deactivated.
[2018.05.17-20.05.20:572][973]Cmd: QUIT_EDITOR
[2018.05.17-20.05.20:604][973]LogSlate: Slate User Destroyed.  User Index 0, Is Virtual User: 0
[2018.05.17-20.05.20:604][973]LogExit: Preparing to exit.
[2018.05.17-20.05.21:469][973]LogDirectoryWatcher: A directory notification for 'C:/Users/gd50ian/Documents/Unreal/Quest_GD50/Quest_GD50/Content/' was aborted.
[2018.05.17-20.05.21:655][973]LogExit: Editor shut down
[2018.05.17-20.05.21:660][973]LogExit: Transaction tracking system shut down
[2018.05.17-20.05.21:860][973]LogDirectoryWatcher: A directory notification for '../../../Engine/Content/' was aborted.
[2018.05.17-20.05.21:860][973]LogDirectoryWatcher: A directory notification for '../../../../../../Users/gd50ian/Documents/Unreal/Quest_GD50/Quest_GD50/Content/' was aborted.
[2018.05.17-20.05.21:860][973]LogDirectoryWatcher: A directory notification for '../../Plugins/2D/Paper2D/Content/' was aborted.
[2018.05.17-20.05.21:860][973]LogDirectoryWatcher: A directory notification for '../../Plugins/Enterprise/DatasmithContent/Content/' was aborted.
[2018.05.17-20.05.21:860][973]LogDirectoryWatcher: A directory notification for '../../Plugins/Media/MediaCompositing/Content/' was aborted.
[2018.05.17-20.05.21:860][973]LogDirectoryWatcher: A directory notification for '../../Plugins/Runtime/AppleARKit/Content/' was aborted.
[2018.05.17-20.05.21:860][973]LogDirectoryWatcher: A directory notification for '../../Plugins/Runtime/Oculus/OculusVR/Content/' was aborted.
[2018.05.17-20.05.21:860][973]LogDirectoryWatcher: A directory notification for '../../Plugins/Runtime/Steam/SteamVR/Content/' was aborted.
[2018.05.17-20.05.21:957][973]LogExit: Object subsystem successfully closed.
[2018.05.17-20.05.21:976][973]LogShaderCompilers: Display: Shaders left to compile 0
[2018.05.17-20.05.21:983][973]LogD3D11RHI: Shutdown
[2018.05.17-20.05.21:983][973]LogD3D11RHI: CleanupD3DDevice
[2018.05.17-20.05.21:985][973]LogD3D11RHI: ~FD3D11DynamicRHI
[2018.05.17-20.05.21:993][973]LogModuleManager: Shutting down and abandoning module HierarchicalLODOutliner (580)
[2018.05.17-20.05.21:993][973]LogModuleManager: Shutting down and abandoning module SceneOutliner (578)
[2018.05.17-20.05.21:993][973]LogModuleManager: Shutting down and abandoning module AddContentDialog (576)
[2018.05.17-20.05.21:993][973]LogDirectoryWatcher: A directory notification for 'C:/Program Files/Epic Games/UE_4.19/FeaturePacks/' was aborted.
[2018.05.17-20.05.21:994][973]LogModuleManager: Shutting down and abandoning module WidgetCarousel (575)
[2018.05.17-20.05.21:994][973]LogModuleManager: Shutting down and abandoning module EditorWidgets (572)
[2018.05.17-20.05.21:994][973]LogModuleManager: Shutting down and abandoning module CollectionManager (570)
[2018.05.17-20.05.21:994][973]LogDirectoryWatcher: A directory notification for 'C:/Users/gd50ian/Documents/Unreal/Quest_GD50/Quest_GD50/Content/Collections/' was aborted.
[2018.05.17-20.05.21:994][973]LogDirectoryWatcher: A directory notification for 'C:/Users/gd50ian/Documents/Unreal/Quest_GD50/Quest_GD50/Content/Developers/gd50ian/Collections/' was aborted.
[2018.05.17-20.05.21:994][973]LogDirectoryWatcher: A directory notification for 'C:/Users/gd50ian/Documents/Unreal/Quest_GD50/Quest_GD50/Saved/Collections/' was aborted.
[2018.05.17-20.05.21:994][973]LogModuleManager: Shutting down and abandoning module StatsViewer (568)
[2018.05.17-20.05.21:994][973]LogModuleManager: Shutting down and abandoning module FoliageEdit (566)
[2018.05.17-20.05.21:994][973]LogModuleManager: Shutting down and abandoning module LandscapeEditor (564)
[2018.05.17-20.05.21:994][973]LogModuleManager: Shutting down and abandoning module MeshPaintMode (562)
[2018.05.17-20.05.21:994][973]LogModuleManager: Shutting down and abandoning module SceneDepthPickerMode (560)
[2018.05.17-20.05.21:995][973]LogModuleManager: Shutting down and abandoning module ActorPickerMode (558)
[2018.05.17-20.05.21:995][973]LogModuleManager: Shutting down and abandoning module GeometryMode (556)
[2018.05.17-20.05.21:995][973]LogModuleManager: Shutting down and abandoning module TextureAlignMode (554)
[2018.05.17-20.05.21:995][973]LogModuleManager: Shutting down and abandoning module BspMode (552)
[2018.05.17-20.05.21:995][973]LogModuleManager: Shutting down and abandoning module PIEPreviewDeviceProfileSelector (550)
[2018.05.17-20.05.21:995][973]LogModuleManager: Shutting down and abandoning module HardwareSurvey (548)
[2018.05.17-20.05.21:995][973]LogModuleManager: Shutting down and abandoning module SequenceRecorderSections (546)
[2018.05.17-20.05.21:995][973]LogModuleManager: Shutting down and abandoning module AutomationWorker (544)
[2018.05.17-20.05.21:995][973]LogModuleManager: Shutting down and abandoning module AudioCaptureEditor (542)
[2018.05.17-20.05.21:995][973]LogModuleManager: Shutting down and abandoning module SequenceRecorder (541)
[2018.05.17-20.05.21:995][973]LogModuleManager: Shutting down and abandoning module MatineeToLevelSequence (538)
[2018.05.17-20.05.21:995][973]LogModuleManager: Shutting down and abandoning module LevelSequenceEditor (536)
[2018.05.17-20.05.21:995][973]LogModuleManager: Shutting down and abandoning module PlacementMode (535)
[2018.05.17-20.05.21:995][973]LogModuleManager: Shutting down and abandoning module MaterialEditor (534)
[2018.05.17-20.05.21:995][973]LogModuleManager: Shutting down and abandoning module WmfMediaFactory (530)
[2018.05.17-20.05.21:995][973]LogModuleManager: Shutting down and abandoning module WmfMediaEditor (528)
[2018.05.17-20.05.21:995][973]LogModuleManager: Shutting down and abandoning module MediaPlayerEditor (526)
[2018.05.17-20.05.21:995][973]LogModuleManager: Shutting down and abandoning module OpenExrWrapper (524)
[2018.05.17-20.05.21:995][973]LogModuleManager: Shutting down and abandoning module ImgMediaFactory (522)
[2018.05.17-20.05.21:995][973]LogModuleManager: Shutting down and abandoning module ImgMediaEditor (520)
[2018.05.17-20.05.21:995][973]LogModuleManager: Shutting down and abandoning module AvfMediaFactory (518)
[2018.05.17-20.05.21:995][973]LogModuleManager: Shutting down and abandoning module AvfMediaEditor (516)
[2018.05.17-20.05.21:995][973]LogModuleManager: Shutting down and abandoning module AndroidMediaFactory (514)
[2018.05.17-20.05.21:995][973]LogModuleManager: Shutting down and abandoning module AndroidMediaEditor (512)
[2018.05.17-20.05.21:995][973]LogModuleManager: Shutting down and abandoning module CharacterAI (510)
[2018.05.17-20.05.21:995][973]LogModuleManager: Shutting down and abandoning module SmartSnapping (508)
[2018.05.17-20.05.21:995][973]LogModuleManager: Shutting down and abandoning module SessionServices (506)
[2018.05.17-20.05.21:995][973]LogModuleManager: Shutting down and abandoning module ViewportSnapping (504)
[2018.05.17-20.05.21:995][973]LogModuleManager: Shutting down and abandoning module ViewportInteraction (502)
[2018.05.17-20.05.21:995][973]LogModuleManager: Shutting down and abandoning module ClothPainter (500)
[2018.05.17-20.05.21:995][973]LogModuleManager: Shutting down and abandoning module SkeletalMeshEditor (499)
[2018.05.17-20.05.21:995][973]LogModuleManager: Shutting down and abandoning module LogVisualizer (496)
[2018.05.17-20.05.21:995][973]LogModuleManager: Shutting down and abandoning module IntroTutorials (494)
[2018.05.17-20.05.21:995][973]LogModuleManager: Shutting down and abandoning module GameProjectGeneration (493)
[2018.05.17-20.05.21:995][973]LogModuleManager: Shutting down and abandoning module IOSPlatformEditor (490)
[2018.05.17-20.05.21:995][973]LogModuleManager: Shutting down and abandoning module HTML5PlatformEditor (488)
[2018.05.17-20.05.21:995][973]LogModuleManager: Shutting down and abandoning module AndroidPlatformEditor (486)
[2018.05.17-20.05.21:995][973]LogModuleManager: Shutting down and abandoning module AndroidDeviceDetection (485)
[2018.05.17-20.05.22:885][973]LogModuleManager: Shutting down and abandoning module WindowsPlatformEditor (482)
[2018.05.17-20.05.22:885][973]LogModuleManager: Shutting down and abandoning module IOSRuntimeSettings (480)
[2018.05.17-20.05.22:885][973]LogModuleManager: Shutting down and abandoning module AndroidRuntimeSettings (478)
[2018.05.17-20.05.22:885][973]LogModuleManager: Shutting down and abandoning module InputBindingEditor (476)
[2018.05.17-20.05.22:885][973]LogModuleManager: Shutting down and abandoning module MergeActors (474)
[2018.05.17-20.05.22:886][973]LogModuleManager: Shutting down and abandoning module LocalizationDashboard (472)
[2018.05.17-20.05.22:886][973]LogModuleManager: Shutting down and abandoning module LocalizationService (471)
[2018.05.17-20.05.22:886][973]LogModuleManager: Shutting down and abandoning module HardwareTargeting (468)
[2018.05.17-20.05.22:886][973]LogModuleManager: Shutting down and abandoning module DeviceProfileEditor (466)
[2018.05.17-20.05.22:886][973]LogModuleManager: Shutting down and abandoning module UndoHistory (464)
[2018.05.17-20.05.22:886][973]LogModuleManager: Shutting down and abandoning module XmlParser (462)
[2018.05.17-20.05.22:886][973]LogModuleManager: Shutting down and abandoning module Blutility (460)
[2018.05.17-20.05.22:886][973]LogModuleManager: Shutting down and abandoning module ProjectSettingsViewer (458)
[2018.05.17-20.05.22:886][973]LogModuleManager: Shutting down and abandoning module ProjectTargetPlatformEditor (457)
[2018.05.17-20.05.22:887][973]LogModuleManager: Shutting down and abandoning module EditorSettingsViewer (454)
[2018.05.17-20.05.22:887][973]LogModuleManager: Shutting down and abandoning module SettingsEditor (452)
[2018.05.17-20.05.22:887][973]LogModuleManager: Shutting down and abandoning module ProjectLauncher (450)
[2018.05.17-20.05.22:887][973]LogModuleManager: Shutting down and abandoning module SessionFrontend (448)
[2018.05.17-20.05.22:887][973]LogModuleManager: Shutting down and abandoning module ProfilerClient (446)
[2018.05.17-20.05.22:887][973]LogModuleManager: Shutting down and abandoning module DeviceManager (444)
[2018.05.17-20.05.22:887][973]LogModuleManager: Shutting down and abandoning module TargetDeviceServices (443)
[2018.05.17-20.05.22:953][973]LogModuleManager: Shutting down and abandoning module AutomationController (440)
[2018.05.17-20.05.22:953][973]LogModuleManager: Shutting down and abandoning module AutomationWindow (438)
[2018.05.17-20.05.22:953][973]LogModuleManager: Shutting down and abandoning module Layers (436)
[2018.05.17-20.05.22:953][973]LogModuleManager: Shutting down and abandoning module ComponentVisualizers (434)
[2018.05.17-20.05.22:953][973]LogModuleManager: Shutting down and abandoning module DetailCustomizations (432)
[2018.05.17-20.05.22:953][973]LogModuleManager: Shutting down and abandoning module PackagesDialog (430)
[2018.05.17-20.05.22:953][973]LogModuleManager: Shutting down and abandoning module Persona (428)
[2018.05.17-20.05.22:953][973]LogModuleManager: Shutting down and abandoning module AdvancedPreviewScene (427)
[2018.05.17-20.05.22:953][973]LogModuleManager: Shutting down and abandoning module AnimGraph (425)
[2018.05.17-20.05.22:953][973]LogModuleManager: Shutting down and abandoning module Kismet (422)
[2018.05.17-20.05.22:963][973]LogModuleManager: Shutting down and abandoning module GraphEditor (420)
[2018.05.17-20.05.22:963][973]LogModuleManager: Shutting down and abandoning module ClassViewer (418)
[2018.05.17-20.05.22:964][973]LogModuleManager: Shutting down and abandoning module Toolbox (416)
[2018.05.17-20.05.22:964][973]LogModuleManager: Shutting down and abandoning module ModuleUI (414)
[2018.05.17-20.05.22:964][973]LogModuleManager: Shutting down and abandoning module MovieSceneTools (412)
[2018.05.17-20.05.22:964][973]LogModuleManager: Shutting down and abandoning module OutputLog (410)
[2018.05.17-20.05.22:964][973]LogModuleManager: Shutting down and abandoning module GammaUI (408)
[2018.05.17-20.05.22:964][973]LogModuleManager: Shutting down and abandoning module Documentation (406)
[2018.05.17-20.05.22:964][973]LogModuleManager: Shutting down and abandoning module MovieSceneTracks (404)
[2018.05.17-20.05.22:964][973]LogModuleManager: Shutting down and abandoning module MovieScene (402)
[2018.05.17-20.05.22:964][973]LogModuleManager: Shutting down and abandoning module StreamingPauseRendering (400)
[2018.05.17-20.05.22:964][973]LogModuleManager: Shutting down and abandoning module LauncherPlatform (398)
[2018.05.17-20.05.22:964][973]LogModuleManager: Shutting down and abandoning module AnalyticsET (396)
[2018.05.17-20.05.22:964][973]LogModuleManager: Shutting down and abandoning module PortalServices (394)
[2018.05.17-20.05.22:964][973]LogModuleManager: Shutting down and abandoning module PortalRpc (392)
[2018.05.17-20.05.22:964][973]LogModuleManager: Shutting down and abandoning module MessagingRpc (390)
[2018.05.17-20.05.22:964][973]LogModuleManager: Shutting down and abandoning module AIModule (388)
[2018.05.17-20.05.22:964][973]LogModuleManager: Shutting down and abandoning module GameplayDebugger (387)
[2018.05.17-20.05.22:965][973]LogModuleManager: Shutting down and abandoning module AITestSuite (385)
[2018.05.17-20.05.22:965][973]LogModuleManager: Shutting down and abandoning module DesktopPlatform (382)
[2018.05.17-20.05.22:965][973]LogModuleManager: Shutting down and abandoning module ProfilerService (380)
[2018.05.17-20.05.23:130][973]LogModuleManager: Shutting down and abandoning module TaskGraph (378)
[2018.05.17-20.05.23:130][973]LogModuleManager: Shutting down and abandoning module SteamVRController (376)
[2018.05.17-20.05.23:130][973]LogModuleManager: Shutting down and abandoning module ProceduralMeshComponentEditor (374)
[2018.05.17-20.05.23:130][973]LogModuleManager: Shutting down and abandoning module ProceduralMeshComponent (372)
[2018.05.17-20.05.23:130][973]LogModuleManager: Shutting down and abandoning module OculusInput (370)
[2018.05.17-20.05.23:130][973]LogModuleManager: Shutting down and abandoning module MobilePatchingUtils (368)
[2018.05.17-20.05.23:130][973]LogModuleManager: Shutting down and abandoning module CustomMeshComponent (366)
[2018.05.17-20.05.23:130][973]LogModuleManager: Shutting down and abandoning module CableComponent (364)
[2018.05.17-20.05.23:130][973]LogModuleManager: Shutting down and abandoning module AudioCapture (362)
[2018.05.17-20.05.23:130][973]LogModuleManager: Shutting down and abandoning module ArchVisCharacter (360)
[2018.05.17-20.05.23:130][973]LogModuleManager: Shutting down and abandoning module AndroidPermission (358)
[2018.05.17-20.05.23:130][973]LogModuleManager: Shutting down and abandoning module NUTUnrealEngine4 (354)
[2018.05.17-20.05.23:130][973]LogModuleManager: Shutting down and abandoning module NetcodeUnitTest (352)
[2018.05.17-20.05.23:130][973]LogModuleManager: Shutting down and abandoning module MediaCompositingEditor (350)
[2018.05.17-20.05.23:130][973]LogModuleManager: Shutting down and abandoning module MediaCompositing (348)
[2018.05.17-20.05.23:130][973]LogModuleManager: Shutting down and abandoning module LinearTimecode (346)
[2018.05.17-20.05.23:131][973]LogModuleManager: Shutting down and abandoning module ImgMedia (344)
[2018.05.17-20.05.23:135][973]LogModuleManager: Shutting down and abandoning module HTML5Networking (342)
[2018.05.17-20.05.23:135][973]LogModuleManager: Shutting down and abandoning module AlembicImporter (340)
[2018.05.17-20.05.23:135][973]LogModuleManager: Shutting down and abandoning module AlembicLibrary (339)
[2018.05.17-20.05.23:135][973]LogModuleManager: Shutting down and abandoning module GeometryCache (338)
[2018.05.17-20.05.23:135][973]LogModuleManager: Shutting down and abandoning module GeometryCacheEd (337)
[2018.05.17-20.05.23:135][973]LogModuleManager: Shutting down and abandoning module DatasmithContent (332)
[2018.05.17-20.05.23:135][973]LogModuleManager: Shutting down and abandoning module SpeedTreeImporter (330)
[2018.05.17-20.05.23:135][973]LogModuleManager: Shutting down and abandoning module PluginBrowser (328)
[2018.05.17-20.05.23:135][973]LogModuleManager: Shutting down and abandoning module MobileLauncherProfileWizard (326)
[2018.05.17-20.05.23:136][973]LogModuleManager: Shutting down and abandoning module CryptoKeysOpenSSL (324)
[2018.05.17-20.05.23:136][973]LogModuleManager: Shutting down and abandoning module CryptoKeys (322)
[2018.05.17-20.05.23:136][973]LogModuleManager: Shutting down and abandoning module VisualStudioSourceCodeAccess (320)
[2018.05.17-20.05.23:136][973]LogModuleManager: Shutting down and abandoning module VisualStudioCodeSourceCodeAccess (318)
[2018.05.17-20.05.23:136][973]LogModuleManager: Shutting down and abandoning module UObjectPlugin (316)
[2018.05.17-20.05.23:136][973]LogModuleManager: Shutting down and abandoning module SubversionSourceControl (314)
[2018.05.17-20.05.23:136][973]LogModuleManager: Shutting down and abandoning module PerforceSourceControl (312)
[2018.05.17-20.05.23:136][973]LogModuleManager: Shutting down and abandoning module GitSourceControl (310)
[2018.05.17-20.05.23:136][973]LogModuleManager: Shutting down and abandoning module SourceControl (309)
[2018.05.17-20.05.23:136][973]LogModuleManager: Shutting down and abandoning module CLionSourceCodeAccess (306)
[2018.05.17-20.05.23:136][973]LogModuleManager: Shutting down and abandoning module LightPropagationVolumeEditor (304)
[2018.05.17-20.05.23:136][973]LogModuleManager: Shutting down and abandoning module PaperTiledImporter (302)
[2018.05.17-20.05.23:136][973]LogModuleManager: Shutting down and abandoning module PaperSpriteSheetImporter (300)
[2018.05.17-20.05.23:136][973]LogModuleManager: Shutting down and abandoning module Paper2DEditor (298)
[2018.05.17-20.05.23:136][973]LogModuleManager: Shutting down and abandoning module MeshPaint (297)
[2018.05.17-20.05.23:136][973]LogModuleManager: Shutting down and abandoning module RuntimePhysXCooking (294)
[2018.05.17-20.05.23:136][973]LogModuleManager: Shutting down and abandoning module PhysXVehiclesEditor (292)
[2018.05.17-20.05.23:136][973]LogModuleManager: Shutting down and abandoning module PhysXVehicles (290)
[2018.05.17-20.05.23:137][973]LogModuleManager: Shutting down and abandoning module OculusEditor (288)
[2018.05.17-20.05.23:137][973]LogModuleManager: Shutting down and abandoning module LocationServicesBPLibrary (286)
[2018.05.17-20.05.23:137][973]LogModuleManager: Shutting down and abandoning module ImmediatePhysicsEditor (284)
[2018.05.17-20.05.23:137][973]LogModuleManager: Shutting down and abandoning module ImmediatePhysics (282)
[2018.05.17-20.05.23:137][973]LogModuleManager: Shutting down and abandoning module ApexDestructionEditor (280)
[2018.05.17-20.05.23:137][973]LogModuleManager: Shutting down and abandoning module ApexDestruction (278)
[2018.05.17-20.05.23:137][973]LogModuleManager: Shutting down and abandoning module ActorSequence (276)
[2018.05.17-20.05.23:137][973]LogModuleManager: Shutting down and abandoning module UdpMessaging (274)
[2018.05.17-20.05.23:237][973]LogModuleManager: Shutting down and abandoning module TcpMessaging (272)
[2018.05.17-20.05.23:339][973]LogModuleManager: Shutting down and abandoning module GameplayTagsEditor (270)
[2018.05.17-20.05.23:339][973]LogModuleManager: Shutting down and abandoning module FacialAnimationEditor (268)
[2018.05.17-20.05.23:339][973]LogModuleManager: Shutting down and abandoning module FacialAnimation (266)
[2018.05.17-20.05.23:339][973]LogModuleManager: Shutting down and abandoning module DataValidation (264)
[2018.05.17-20.05.23:339][973]LogModuleManager: Shutting down and abandoning module AssetManagerEditor (262)
[2018.05.17-20.05.23:339][973]LogModuleManager: Shutting down and abandoning module LevelEditor (261)
[2018.05.17-20.05.23:340][973]LogModuleManager: Shutting down and abandoning module PixelInspectorModule (260)
[2018.05.17-20.05.23:340][973]LogModuleManager: Shutting down and abandoning module CommonMenuExtensions (258)
[2018.05.17-20.05.23:340][973]LogModuleManager: Shutting down and abandoning module MainFrame (256)
[2018.05.17-20.05.23:340][973]LogModuleManager: Shutting down and abandoning module HotReload (255)
[2018.05.17-20.05.23:340][973]LogModuleManager: Shutting down and abandoning module ContentBrowser (251)
[2018.05.17-20.05.23:342][973]LogModuleManager: Shutting down and abandoning module TreeMap (249)
[2018.05.17-20.05.23:342][973]LogModuleManager: Shutting down and abandoning module LightPropagationVolumeRuntime (246)
[2018.05.17-20.05.23:342][973]LogModuleManager: Shutting down and abandoning module LiveLinkEditor (244)
[2018.05.17-20.05.23:342][973]LogModuleManager: Shutting down and abandoning module LiveLink (242)
[2018.05.17-20.05.24:105][973]LogModuleManager: Shutting down and abandoning module Paper2D (240)
[2018.05.17-20.05.24:105][973]LogModuleManager: Shutting down and abandoning module WindowsMoviePlayer (238)
[2018.05.17-20.05.24:105][973]LogModuleManager: Shutting down and abandoning module WmfMedia (236)
[2018.05.17-20.05.24:105][973]LogModuleManager: Shutting down and abandoning module Media (235)
[2018.05.17-20.05.24:111][973]LogModuleManager: Shutting down and abandoning module PacketHandler (232)
[2018.05.17-20.05.24:112][973]LogModuleManager: Shutting down and abandoning module ClothingSystemEditor (230)
[2018.05.17-20.05.24:112][973]LogModuleManager: Shutting down and abandoning module ClothingSystemRuntime (228)
[2018.05.17-20.05.24:112][973]LogModuleManager: Shutting down and abandoning module MediaAssets (226)
[2018.05.17-20.05.24:112][973]LogModuleManager: Shutting down and abandoning module Overlay (224)
[2018.05.17-20.05.24:112][973]LogModuleManager: Shutting down and abandoning module OverlayEditor (223)
[2018.05.17-20.05.24:112][973]LogModuleManager: Shutting down and abandoning module EnvironmentQueryEditor (220)
[2018.05.17-20.05.24:112][973]LogModuleManager: Shutting down and abandoning module VREditor (218)
[2018.05.17-20.05.24:112][973]LogModuleManager: Shutting down and abandoning module StringTableEditor (216)
[2018.05.17-20.05.24:112][973]LogModuleManager: Shutting down and abandoning module GameplayTasksEditor (214)
[2018.05.17-20.05.24:112][973]LogModuleManager: Shutting down and abandoning module BehaviorTreeEditor (212)
[2018.05.17-20.05.24:112][973]LogModuleManager: Shutting down and abandoning module FunctionalTesting (210)
[2018.05.17-20.05.24:112][973]LogModuleManager: Shutting down and abandoning module CollisionAnalyzer (208)
[2018.05.17-20.05.24:112][973]LogModuleManager: Shutting down and abandoning module WorkspaceMenuStructure (207)
[2018.05.17-20.05.24:112][973]LogModuleManager: Shutting down and abandoning module UMG (204)
[2018.05.17-20.05.24:112][973]LogModuleManager: Shutting down and abandoning module UMGEditor (203)
[2018.05.17-20.05.24:113][973]LogModuleManager: Shutting down and abandoning module Sequencer (202)
[2018.05.17-20.05.24:113][973]LogModuleManager: Shutting down and abandoning module MessageLog (199)
[2018.05.17-20.05.24:113][973]LogModuleManager: Shutting down and abandoning module SlateReflector (194)
[2018.05.17-20.05.24:113][973]LogModuleManager: Shutting down and abandoning module Slate (192)
[2018.05.17-20.05.24:113][973]LogModuleManager: Shutting down and abandoning module EditorStyle (190)
[2018.05.17-20.05.24:117][973]LogModuleManager: Shutting down and abandoning module MRMesh (188)
[2018.05.17-20.05.24:117][973]LogModuleManager: Shutting down and abandoning module SourceCodeAccess (186)
[2018.05.17-20.05.24:117][973]LogModuleManager: Shutting down and abandoning module HeadMountedDisplay (184)
[2018.05.17-20.05.24:117][973]LogModuleManager: Shutting down and abandoning module XAudio2 (182)
[2018.05.17-20.05.24:117][973]LogModuleManager: Shutting down and abandoning module Networking (180)
[2018.05.17-20.05.24:117][973]LogModuleManager: Shutting down and abandoning module Core (178)
[2018.05.17-20.05.24:117][973]LogModuleManager: Shutting down and abandoning module LevelSequence (176)
[2018.05.17-20.05.24:117][973]LogModuleManager: Shutting down and abandoning module KismetCompiler (174)
[2018.05.17-20.05.24:117][973]LogModuleManager: Shutting down and abandoning module MeshUtilities (172)
[2018.05.17-20.05.24:117][973]LogModuleManager: Shutting down and abandoning module MeshMergeUtilities (171)
[2018.05.17-20.05.24:117][973]LogModuleManager: Shutting down and abandoning module MeshReductionInterface (170)
[2018.05.17-20.05.24:117][973]LogModuleManager: Shutting down and abandoning module SimplygonSwarm (169)
[2018.05.17-20.05.24:117][973]LogModuleManager: Shutting down and abandoning module SimplygonMeshReduction (167)
[2018.05.17-20.05.24:117][973]LogModuleManager: Shutting down and abandoning module QuadricMeshReduction (165)
[2018.05.17-20.05.24:117][973]LogModuleManager: Shutting down and abandoning module MaterialBaking (161)
[2018.05.17-20.05.24:118][973]LogModuleManager: Shutting down and abandoning module DirectoryWatcher (157)
[2018.05.17-20.05.24:119][973]LogModuleManager: Shutting down and abandoning module DerivedDataCache (154)
[2018.05.17-20.05.24:239][973]LogDerivedDataCache: Shutdown
[2018.05.17-20.05.24:239][973]LogModuleManager: Shutting down and abandoning module XGEController (152)
[2018.05.17-20.05.24:239][973]LogXGEController: Cleaning working directory: C:/Users/gd50ian/AppData/Local/Temp/UnrealXGEWorkingDir/
[2018.05.17-20.05.24:240][973]LogModuleManager: Shutting down and abandoning module TargetPlatform (150)
[2018.05.17-20.05.24:240][973]LogModuleManager: Shutting down and abandoning module VulkanShaderFormat (149)
[2018.05.17-20.05.24:240][973]LogModuleManager: Shutting down and abandoning module ShaderFormatVectorVM (147)
[2018.05.17-20.05.24:240][973]LogModuleManager: Shutting down and abandoning module ShaderFormatOpenGL (145)
[2018.05.17-20.05.24:240][973]LogModuleManager: Shutting down and abandoning module ShaderFormatD3D (143)
[2018.05.17-20.05.24:240][973]LogModuleManager: Shutting down and abandoning module MetalShaderFormat (141)
[2018.05.17-20.05.24:240][973]LogModuleManager: Shutting down and abandoning module TextureFormatUncompressed (139)
[2018.05.17-20.05.24:240][973]LogModuleManager: Shutting down and abandoning module TextureFormatPVR (137)
[2018.05.17-20.05.24:240][973]LogModuleManager: Shutting down and abandoning module TextureFormatDXT (135)
[2018.05.17-20.05.24:240][973]LogModuleManager: Shutting down and abandoning module TextureFormatIntelISPCTexComp (133)
[2018.05.17-20.05.24:240][973]LogModuleManager: Shutting down and abandoning module TextureFormatASTC (131)
[2018.05.17-20.05.24:240][973]LogModuleManager: Shutting down and abandoning module ImageWrapper (130)
[2018.05.17-20.05.24:240][973]LogModuleManager: Shutting down and abandoning module TextureFormatAndroid (127)
[2018.05.17-20.05.24:240][973]LogModuleManager: Shutting down and abandoning module AudioFormatOpus (125)
[2018.05.17-20.05.24:240][973]LogModuleManager: Shutting down and abandoning module AudioFormatOgg (123)
[2018.05.17-20.05.24:240][973]LogModuleManager: Shutting down and abandoning module AudioFormatADPCM (121)
[2018.05.17-20.05.24:241][973]LogModuleManager: Shutting down and abandoning module LinuxTargetPlatform (119)
[2018.05.17-20.05.24:241][973]LogModuleManager: Shutting down and abandoning module LinuxServerTargetPlatform (117)
[2018.05.17-20.05.24:241][973]LogModuleManager: Shutting down and abandoning module LinuxNoEditorTargetPlatform (115)
[2018.05.17-20.05.24:241][973]LogModuleManager: Shutting down and abandoning module LinuxClientTargetPlatform (113)
[2018.05.17-20.05.24:241][973]LogModuleManager: Shutting down and abandoning module TVOSTargetPlatform (111)
[2018.05.17-20.05.24:241][973]LogModuleManager: Shutting down and abandoning module Messaging (109)
[2018.05.17-20.05.24:241][973]LogModuleManager: Shutting down and abandoning module IOSTargetPlatform (107)
[2018.05.17-20.05.24:241][973]LogModuleManager: Shutting down and abandoning module HTML5TargetPlatform (105)
[2018.05.17-20.05.24:241][973]LogModuleManager: Shutting down and abandoning module AndroidTargetPlatform (103)
[2018.05.17-20.05.24:241][973]LogModuleManager: Shutting down and abandoning module Android_PVRTCTargetPlatform (101)
[2018.05.17-20.05.24:241][973]LogModuleManager: Shutting down and abandoning module Android_MultiTargetPlatform (99)
[2018.05.17-20.05.24:241][973]LogModuleManager: Shutting down and abandoning module Android_ETC2TargetPlatform (97)
[2018.05.17-20.05.24:241][973]LogModuleManager: Shutting down and abandoning module Android_ETC1TargetPlatform (95)
[2018.05.17-20.05.24:241][973]LogModuleManager: Shutting down and abandoning module Android_ETC1aTargetPlatform (93)
[2018.05.17-20.05.24:241][973]LogModuleManager: Shutting down and abandoning module Android_DXTTargetPlatform (91)
[2018.05.17-20.05.24:241][973]LogModuleManager: Shutting down and abandoning module Android_ATCTargetPlatform (89)
[2018.05.17-20.05.24:241][973]LogModuleManager: Shutting down and abandoning module Android_ASTCTargetPlatform (87)
[2018.05.17-20.05.24:241][973]LogModuleManager: Shutting down and abandoning module WindowsTargetPlatform (85)
[2018.05.17-20.05.24:241][973]LogModuleManager: Shutting down and abandoning module WindowsServerTargetPlatform (83)
[2018.05.17-20.05.24:241][973]LogModuleManager: Shutting down and abandoning module WindowsNoEditorTargetPlatform (81)
[2018.05.17-20.05.24:241][973]LogModuleManager: Shutting down and abandoning module WindowsClientTargetPlatform (79)
[2018.05.17-20.05.24:241][973]LogModuleManager: Shutting down and abandoning module MacTargetPlatform (77)
[2018.05.17-20.05.24:242][973]LogModuleManager: Shutting down and abandoning module MacServerTargetPlatform (75)
[2018.05.17-20.05.24:242][973]LogModuleManager: Shutting down and abandoning module MacNoEditorTargetPlatform (73)
[2018.05.17-20.05.24:242][973]LogModuleManager: Shutting down and abandoning module MacClientTargetPlatform (71)
[2018.05.17-20.05.24:242][973]LogModuleManager: Shutting down and abandoning module AllDesktopTargetPlatform (69)
[2018.05.17-20.05.24:242][973]LogModuleManager: Shutting down and abandoning module InputCore (66)
[2018.05.17-20.05.24:242][973]LogModuleManager: Shutting down and abandoning module Settings (64)
[2018.05.17-20.05.24:242][973]LogModuleManager: Shutting down and abandoning module PhysXCooking (62)
[2018.05.17-20.05.24:242][973]LogModuleManager: Shutting down and abandoning module SteamVR (60)
[2018.05.17-20.05.24:242][973]LogModuleManager: Shutting down and abandoning module OculusHMD (58)
[2018.05.17-20.05.24:242][973]LogModuleManager: Shutting down and abandoning module ExampleDeviceProfileSelector (56)
[2018.05.17-20.05.24:242][973]LogModuleManager: Shutting down and abandoning module AppleARKit (54)
[2018.05.17-20.05.24:242][973]LogModuleManager: Shutting down and abandoning module AugmentedReality (51)
[2018.05.17-20.05.24:242][973]LogModuleManager: Shutting down and abandoning module OnlineBlueprintSupport (48)
[2018.05.17-20.05.24:242][973]LogModuleManager: Shutting down and abandoning module OnlineSubsystem (44)
[2018.05.17-20.05.24:242][973]LogModuleManager: Shutting down and abandoning module XMPP (43)
[2018.05.17-20.05.24:242][973]LogModuleManager: Shutting down and abandoning module HTTP (41)
[2018.05.17-20.05.24:242][973]LogHttp: Display: Http module shutting down, but needs to wait on 1 outstanding Http requests:
[2018.05.17-20.05.24:243][973]LogHttp: Display: 	verb=[POST] url=[https://datarouter.ol.epicgames.com/datarouter/api/v1/public/data?SessionID=%7B7BAE196E-4132-DD78-BBB3-71973F834D34%7D&AppID=UEEditor.Rocket.Release&AppVersion=4.19.1-3989454%2B%2B%2BUE4%2BRelease-4.19&UserID=6fc350e04e339ad9b0b3538083cc471f%7C787c367f97364833a2916764c31cd651%7Cda1c44df-8868-4540-b9a3-097560bf3c90&AppEnvironment=datacollector-binary&UploadType=eteventstream] status=Processing
[2018.05.17-20.05.24:247][973]LogModuleManager: Shutting down and abandoning module SSL (40)
[2018.05.17-20.05.24:249][973]LogModuleManager: Shutting down and abandoning module AnimationModifiers (36)
[2018.05.17-20.05.24:249][973]LogModuleManager: Shutting down and abandoning module PropertyEditor (35)
[2018.05.17-20.05.24:249][973]LogModuleManager: Shutting down and abandoning module AudioEditor (32)
[2018.05.17-20.05.24:250][973]LogModuleManager: Shutting down and abandoning module TextureCompressor (30)
[2018.05.17-20.05.24:250][973]LogModuleManager: Shutting down and abandoning module ShaderCore (28)
[2018.05.17-20.05.24:250][973]LogModuleManager: Shutting down and abandoning module Landscape (26)
[2018.05.17-20.05.24:250][973]LogModuleManager: Shutting down and abandoning module SlateRHIRenderer (24)
[2018.05.17-20.05.24:251][973]LogModuleManager: Shutting down and abandoning module OpenGLDrv (22)
[2018.05.17-20.05.24:251][973]LogModuleManager: Shutting down and abandoning module D3D11RHI (20)
[2018.05.17-20.05.24:251][973]LogModuleManager: Shutting down and abandoning module AnimGraphRuntime (18)
[2018.05.17-20.05.24:251][973]LogModuleManager: Shutting down and abandoning module Renderer (16)
[2018.05.17-20.05.24:251][973]LogModuleManager: Shutting down and abandoning module Engine (14)
[2018.05.17-20.05.24:251][973]LogModuleManager: Shutting down and abandoning module CoreUObject (12)
[2018.05.17-20.05.24:251][973]LogModuleManager: Shutting down and abandoning module NetworkFile (10)
[2018.05.17-20.05.24:251][973]LogModuleManager: Shutting down and abandoning module CookedIterativeFile (8)
[2018.05.17-20.05.24:251][973]LogModuleManager: Shutting down and abandoning module StreamingFile (6)
[2018.05.17-20.05.24:251][973]LogModuleManager: Shutting down and abandoning module SandboxFile (4)
[2018.05.17-20.05.24:252][973]LogModuleManager: Shutting down and abandoning module PakFile (2)
[2018.05.17-20.05.24:264][973]LogExit: Exiting.
[2018.05.17-20.05.24:288][973]Log file closed, 05/17/18 13:05:24
