Log file open, 05/25/18 20:16:27
LogWindows: Failed to load 'aqProf.dll' (GetLastError=126)
LogWindows: File 'aqProf.dll' does not exist
LogWindows: Failed to load 'VtuneApi.dll' (GetLastError=126)
LogWindows: File 'VtuneApi.dll' does not exist
LogWindows: Failed to load 'VtuneApi32e.dll' (GetLastError=126)
LogWindows: File 'VtuneApi32e.dll' does not exist
LogInit: Display: Running engine for game: Quest_GD50
LogPlatformFile: Not using cached read wrapper
LogInit: Display: RandInit(-1014289859) SRandInit(-1014289858).
LogInit: Read version file with build ID '3944462'
LogInit: Overriding engine version to CL 3989454, compatible CL 3944462
LogInit: Registered custom module enumerator with build ID '3944462'
LogTaskGraph: Started task graph with 5 named threads and 23 total threads with 3 sets of task threads.
LogStats: Stats thread started at 0.265533
LogD3D11RHI: Aftermath initialized
LogICUInternationalization: Display: ICU TimeZone Detection - Raw Offset: -8:00, Platform Override: ''
LogModuleManager: Display: Found up-to-date module file ../../../Engine/Plugins/Runtime/ApexDestruction/Binaries/Win64/UE4Editor-ApexDestruction.dll (API version 3944462).
LogModuleManager: Display: Found up-to-date module file ../../../Engine/Plugins/Runtime/ApexDestruction/Binaries/Win64/UE4Editor-ApexDestructionEditor.dll (API version 3944462).
LogModuleManager: Display: Found up-to-date module file ../../../Engine/Plugins/2D/Paper2D/Binaries/Win64/UE4Editor-Paper2D.dll (API version 3944462).
LogModuleManager: Display: Found up-to-date module file ../../../Engine/Plugins/2D/Paper2D/Binaries/Win64/UE4Editor-Paper2DEditor.dll (API version 3944462).
LogModuleManager: Display: Found up-to-date module file ../../../Engine/Plugins/2D/Paper2D/Binaries/Win64/UE4Editor-PaperSpriteSheetImporter.dll (API version 3944462).
LogModuleManager: Display: Found up-to-date module file ../../../Engine/Plugins/2D/Paper2D/Binaries/Win64/UE4Editor-PaperTiledImporter.dll (API version 3944462).
LogModuleManager: Display: Found up-to-date module file ../../../Engine/Plugins/2D/Paper2D/Binaries/Win64/UE4Editor-SmartSnapping.dll (API version 3944462).
LogModuleManager: Display: Found up-to-date module file ../../../Engine/Plugins/Blendables/LightPropagationVolume/Binaries/Win64/UE4Editor-LightPropagationVolumeRuntime.dll (API version 3944462).
LogModuleManager: Display: Found up-to-date module file ../../../Engine/Plugins/Blendables/LightPropagationVolume/Binaries/Win64/UE4Editor-LightPropagationVolumeEditor.dll (API version 3944462).
LogModuleManager: Display: Found up-to-date module file ../../../Engine/Plugins/Developer/CLionSourceCodeAccess/Binaries/Win64/UE4Editor-CLionSourceCodeAccess.dll (API version 3944462).
LogModuleManager: Display: Found up-to-date module file ../../../Engine/Plugins/Developer/GitSourceControl/Binaries/Win64/UE4Editor-GitSourceControl.dll (API version 3944462).
LogModuleManager: Display: Found up-to-date module file ../../../Engine/Plugins/Developer/PerforceSourceControl/Binaries/Win64/UE4Editor-PerforceSourceControl.dll (API version 3944462).
LogModuleManager: Display: Found up-to-date module file ../../../Engine/Plugins/Developer/SubversionSourceControl/Binaries/Win64/UE4Editor-SubversionSourceControl.dll (API version 3944462).
LogModuleManager: Display: Found up-to-date module file ../../../Engine/Plugins/Developer/UObjectPlugin/Binaries/Win64/UE4Editor-UObjectPlugin.dll (API version 3944462).
LogModuleManager: Display: Found up-to-date module file ../../../Engine/Plugins/Developer/VisualStudioCodeSourceCodeAccess/Binaries/Win64/UE4Editor-VisualStudioCodeSourceCodeAccess.dll (API version 3944462).
LogModuleManager: Display: Found up-to-date module file ../../../Engine/Plugins/Developer/VisualStudioSourceCodeAccess/Binaries/Win64/UE4Editor-VisualStudioSourceCodeAccess.dll (API version 3944462).
LogModuleManager: Display: Found up-to-date module file ../../../Engine/Plugins/Editor/AssetManagerEditor/Binaries/Win64/UE4Editor-AssetManagerEditor.dll (API version 3944462).
LogModuleManager: Display: Found up-to-date module file ../../../Engine/Plugins/Editor/CryptoKeys/Binaries/Win64/UE4Editor-CryptoKeys.dll (API version 3944462).
LogModuleManager: Display: Found up-to-date module file ../../../Engine/Plugins/Editor/CryptoKeys/Binaries/Win64/UE4Editor-CryptoKeysOpenSSL.dll (API version 3944462).
LogModuleManager: Display: Found up-to-date module file ../../../Engine/Plugins/Editor/DataValidation/Binaries/Win64/UE4Editor-DataValidation.dll (API version 3944462).
LogModuleManager: Display: Found up-to-date module file ../../../Engine/Plugins/Editor/FacialAnimation/Binaries/Win64/UE4Editor-FacialAnimation.dll (API version 3944462).
LogModuleManager: Display: Found up-to-date module file ../../../Engine/Plugins/Editor/FacialAnimation/Binaries/Win64/UE4Editor-FacialAnimationEditor.dll (API version 3944462).
LogModuleManager: Display: Found up-to-date module file ../../../Engine/Plugins/Editor/GameplayTagsEditor/Binaries/Win64/UE4Editor-GameplayTagsEditor.dll (API version 3944462).
LogModuleManager: Display: Found up-to-date module file ../../../Engine/Plugins/Editor/MobileLauncherProfileWizard/Binaries/Win64/UE4Editor-MobileLauncherProfileWizard.dll (API version 3944462).
LogModuleManager: Display: Found up-to-date module file ../../../Engine/Plugins/Editor/PluginBrowser/Binaries/Win64/UE4Editor-PluginBrowser.dll (API version 3944462).
LogModuleManager: Display: Found up-to-date module file ../../../Engine/Plugins/Editor/SpeedTreeImporter/Binaries/Win64/UE4Editor-SpeedTreeImporter.dll (API version 3944462).
LogModuleManager: Display: Found up-to-date module file ../../../Engine/Plugins/Enterprise/DatasmithContent/Binaries/Win64/UE4Editor-DatasmithContent.dll (API version 3944462).
LogModuleManager: Display: Found up-to-date module file ../../../Engine/Plugins/Experimental/AlembicImporter/Binaries/Win64/UE4Editor-AlembicImporter.dll (API version 3944462).
LogModuleManager: Display: Found up-to-date module file ../../../Engine/Plugins/Experimental/AlembicImporter/Binaries/Win64/UE4Editor-AlembicLibrary.dll (API version 3944462).
LogModuleManager: Display: Found up-to-date module file ../../../Engine/Plugins/Experimental/CharacterAI/Binaries/Win64/UE4Editor-CharacterAI.dll (API version 3944462).
LogModuleManager: Display: Found up-to-date module file ../../../Engine/Plugins/Experimental/HTML5Networking/Binaries/Win64/UE4Editor-HTML5Networking.dll (API version 3944462).
LogModuleManager: Display: Found up-to-date module file ../../../Engine/Plugins/Media/AndroidMedia/Binaries/Win64/UE4Editor-AndroidMediaEditor.dll (API version 3944462).
LogModuleManager: Display: Found up-to-date module file ../../../Engine/Plugins/Media/AndroidMedia/Binaries/Win64/UE4Editor-AndroidMediaFactory.dll (API version 3944462).
LogModuleManager: Display: Found up-to-date module file ../../../Engine/Plugins/Media/AvfMedia/Binaries/Win64/UE4Editor-AvfMediaEditor.dll (API version 3944462).
LogModuleManager: Display: Found up-to-date module file ../../../Engine/Plugins/Media/AvfMedia/Binaries/Win64/UE4Editor-AvfMediaFactory.dll (API version 3944462).
LogModuleManager: Display: Found up-to-date module file ../../../Engine/Plugins/Media/AvfMedia/Binaries/Win64/UE4Editor-AvfMediaFactory.dll (API version 3944462).
LogModuleManager: Display: Found up-to-date module file ../../../Engine/Plugins/Media/ImgMedia/Binaries/Win64/UE4Editor-ImgMedia.dll (API version 3944462).
LogModuleManager: Display: Found up-to-date module file ../../../Engine/Plugins/Media/ImgMedia/Binaries/Win64/UE4Editor-ImgMediaEditor.dll (API version 3944462).
LogModuleManager: Display: Found up-to-date module file ../../../Engine/Plugins/Media/ImgMedia/Binaries/Win64/UE4Editor-ImgMediaFactory.dll (API version 3944462).
LogModuleManager: Display: Found up-to-date module file ../../../Engine/Plugins/Media/ImgMedia/Binaries/Win64/UE4Editor-ImgMediaFactory.dll (API version 3944462).
LogModuleManager: Display: Found up-to-date module file ../../../Engine/Plugins/Media/ImgMedia/Binaries/Win64/UE4Editor-OpenExrWrapper.dll (API version 3944462).
LogModuleManager: Display: Found up-to-date module file ../../../Engine/Plugins/Media/LinearTimecode/Binaries/Win64/UE4Editor-LinearTimecode.dll (API version 3944462).
LogModuleManager: Display: Found up-to-date module file ../../../Engine/Plugins/Media/MediaCompositing/Binaries/Win64/UE4Editor-MediaCompositing.dll (API version 3944462).
LogModuleManager: Display: Found up-to-date module file ../../../Engine/Plugins/Media/MediaCompositing/Binaries/Win64/UE4Editor-MediaCompositingEditor.dll (API version 3944462).
LogModuleManager: Display: Found up-to-date module file ../../../Engine/Plugins/Media/MediaPlayerEditor/Binaries/Win64/UE4Editor-MediaPlayerEditor.dll (API version 3944462).
LogModuleManager: Display: Found up-to-date module file ../../../Engine/Plugins/Media/WmfMedia/Binaries/Win64/UE4Editor-WmfMedia.dll (API version 3944462).
LogModuleManager: Display: Found up-to-date module file ../../../Engine/Plugins/Media/WmfMedia/Binaries/Win64/UE4Editor-WmfMediaEditor.dll (API version 3944462).
LogModuleManager: Display: Found up-to-date module file ../../../Engine/Plugins/Media/WmfMedia/Binaries/Win64/UE4Editor-WmfMediaFactory.dll (API version 3944462).
LogModuleManager: Display: Found up-to-date module file ../../../Engine/Plugins/Media/WmfMedia/Binaries/Win64/UE4Editor-WmfMediaFactory.dll (API version 3944462).
LogModuleManager: Display: Found up-to-date module file ../../../Engine/Plugins/Messaging/TcpMessaging/Binaries/Win64/UE4Editor-TcpMessaging.dll (API version 3944462).
LogModuleManager: Display: Found up-to-date module file ../../../Engine/Plugins/Messaging/UdpMessaging/Binaries/Win64/UE4Editor-UdpMessaging.dll (API version 3944462).
LogModuleManager: Display: Found up-to-date module file ../../../Engine/Plugins/MovieScene/ActorSequence/Binaries/Win64/UE4Editor-ActorSequence.dll (API version 3944462).
LogModuleManager: Display: Found up-to-date module file ../../../Engine/Plugins/MovieScene/LevelSequenceEditor/Binaries/Win64/UE4Editor-LevelSequenceEditor.dll (API version 3944462).
LogModuleManager: Display: Found up-to-date module file ../../../Engine/Plugins/MovieScene/MatineeToLevelSequence/Binaries/Win64/UE4Editor-MatineeToLevelSequence.dll (API version 3944462).
LogModuleManager: Display: Found up-to-date module file ../../../Engine/Plugins/NetcodeUnitTest/NetcodeUnitTest/Binaries/Win64/UE4Editor-NetcodeUnitTest.dll (API version 3944462).
LogModuleManager: Display: Found up-to-date module file ../../../Engine/Plugins/NetcodeUnitTest/NUTUnrealEngine4/Binaries/Win64/UE4Editor-NUTUnrealEngine4.dll (API version 3944462).
LogModuleManager: Display: Found up-to-date module file ../../../Engine/Plugins/Online/OnlineSubsystem/Binaries/Win64/UE4Editor-OnlineSubsystem.dll (API version 3944462).
LogModuleManager: Display: Found up-to-date module file ../../../Engine/Plugins/Runtime/AndroidPermission/Binaries/Win64/UE4Editor-AndroidPermission.dll (API version 3944462).
LogModuleManager: Display: Found up-to-date module file ../../../Engine/Plugins/Online/OnlineSubsystemNull/Binaries/Win64/UE4Editor-OnlineSubsystemNull.dll (API version 3944462).
LogModuleManager: Display: Found up-to-date module file ../../../Engine/Plugins/Online/OnlineSubsystemUtils/Binaries/Win64/UE4Editor-OnlineSubsystemUtils.dll (API version 3944462).
LogModuleManager: Display: Found up-to-date module file ../../../Engine/Plugins/Online/OnlineSubsystemUtils/Binaries/Win64/UE4Editor-OnlineBlueprintSupport.dll (API version 3944462).
LogModuleManager: Display: Found up-to-date module file ../../../Engine/Plugins/Runtime/AndroidDeviceProfileSelector/Binaries/Win64/UE4Editor-AndroidDeviceProfileSelector.dll (API version 3944462).
LogModuleManager: Display: Found up-to-date module file ../../../Engine/Plugins/Runtime/AppleARKit/Binaries/Win64/UE4Editor-AppleARKit.dll (API version 3944462).
LogModuleManager: Display: Found up-to-date module file ../../../Engine/Plugins/Runtime/ProceduralMeshComponent/Binaries/Win64/UE4Editor-ProceduralMeshComponent.dll (API version 3944462).
LogModuleManager: Display: Found up-to-date module file ../../../Engine/Plugins/Runtime/ProceduralMeshComponent/Binaries/Win64/UE4Editor-ProceduralMeshComponentEditor.dll (API version 3944462).
LogModuleManager: Display: Found up-to-date module file ../../../Engine/Plugins/Animation/LiveLink/Binaries/Win64/UE4Editor-LiveLink.dll (API version 3944462).
LogModuleManager: Display: Found up-to-date module file ../../../Engine/Plugins/Animation/LiveLink/Binaries/Win64/UE4Editor-LiveLinkEditor.dll (API version 3944462).
LogModuleManager: Display: Found up-to-date module file ../../../Engine/Plugins/Runtime/ArchVisCharacter/Binaries/Win64/UE4Editor-ArchVisCharacter.dll (API version 3944462).
LogModuleManager: Display: Found up-to-date module file ../../../Engine/Plugins/Runtime/AudioCapture/Binaries/Win64/UE4Editor-AudioCapture.dll (API version 3944462).
LogModuleManager: Display: Found up-to-date module file ../../../Engine/Plugins/Runtime/AudioCapture/Binaries/Win64/UE4Editor-AudioCaptureEditor.dll (API version 3944462).
LogModuleManager: Display: Found up-to-date module file ../../../Engine/Plugins/Runtime/CableComponent/Binaries/Win64/UE4Editor-CableComponent.dll (API version 3944462).
LogModuleManager: Display: Found up-to-date module file ../../../Engine/Plugins/Runtime/CustomMeshComponent/Binaries/Win64/UE4Editor-CustomMeshComponent.dll (API version 3944462).
LogModuleManager: Display: Found up-to-date module file ../../../Engine/Plugins/Runtime/ExampleDeviceProfileSelector/Binaries/Win64/UE4Editor-ExampleDeviceProfileSelector.dll (API version 3944462).
LogModuleManager: Display: Found up-to-date module file ../../../Engine/Plugins/Runtime/ImmediatePhysics/Binaries/Win64/UE4Editor-ImmediatePhysics.dll (API version 3944462).
LogModuleManager: Display: Found up-to-date module file ../../../Engine/Plugins/Runtime/ImmediatePhysics/Binaries/Win64/UE4Editor-ImmediatePhysicsEditor.dll (API version 3944462).
LogModuleManager: Display: Found up-to-date module file ../../../Engine/Plugins/Runtime/LocationServicesBPLibrary/Binaries/Win64/UE4Editor-LocationServicesBPLibrary.dll (API version 3944462).
LogModuleManager: Display: Found up-to-date module file ../../../Engine/Plugins/Runtime/MobilePatchingUtils/Binaries/Win64/UE4Editor-MobilePatchingUtils.dll (API version 3944462).
LogModuleManager: Display: Found up-to-date module file ../../../Engine/Plugins/Runtime/Oculus/OculusVR/Binaries/Win64/UE4Editor-OculusHMD.dll (API version 3944462).
LogModuleManager: Display: Found up-to-date module file ../../../Engine/Plugins/Runtime/Oculus/OculusVR/Binaries/Win64/UE4Editor-OculusInput.dll (API version 3944462).
LogModuleManager: Display: Found up-to-date module file ../../../Engine/Plugins/Runtime/Oculus/OculusVR/Binaries/Win64/UE4Editor-OculusEditor.dll (API version 3944462).
LogModuleManager: Display: Found up-to-date module file ../../../Engine/Plugins/Runtime/PhysXVehicles/Binaries/Win64/UE4Editor-PhysXVehicles.dll (API version 3944462).
LogModuleManager: Display: Found up-to-date module file ../../../Engine/Plugins/Runtime/PhysXVehicles/Binaries/Win64/UE4Editor-PhysXVehiclesEditor.dll (API version 3944462).
LogModuleManager: Display: Found up-to-date module file ../../../Engine/Plugins/Runtime/RuntimePhysXCooking/Binaries/Win64/UE4Editor-RuntimePhysXCooking.dll (API version 3944462).
LogModuleManager: Display: Found up-to-date module file ../../../Engine/Plugins/Runtime/Steam/SteamVR/Binaries/Win64/UE4Editor-SteamVR.dll (API version 3944462).
LogModuleManager: Display: Found up-to-date module file ../../../Engine/Plugins/Runtime/Steam/SteamVR/Binaries/Win64/UE4Editor-SteamVRController.dll (API version 3944462).
LogModuleManager: Display: Found up-to-date module file ../../../Engine/Plugins/Runtime/WindowsMoviePlayer/Binaries/Win64/UE4Editor-WindowsMoviePlayer.dll (API version 3944462).
LogPluginManager: Mounting plugin Paper2D
LogPluginManager: Mounting plugin LiveLink
LogPluginManager: Mounting plugin LightPropagationVolume
LogPluginManager: Mounting plugin CLionSourceCodeAccess
LogPluginManager: Mounting plugin CodeLiteSourceCodeAccess
LogPluginManager: Mounting plugin GitSourceControl
LogPluginManager: Mounting plugin KDevelopSourceCodeAccess
LogPluginManager: Mounting plugin NullSourceCodeAccess
LogPluginManager: Mounting plugin PerforceSourceControl
LogPluginManager: Mounting plugin SubversionSourceControl
LogPluginManager: Mounting plugin UObjectPlugin
LogPluginManager: Mounting plugin VisualStudioCodeSourceCodeAccess
LogPluginManager: Mounting plugin VisualStudioSourceCodeAccess
LogPluginManager: Mounting plugin XCodeSourceCodeAccess
LogPluginManager: Mounting plugin AssetManagerEditor
LogPluginManager: Mounting plugin CryptoKeys
LogPluginManager: Mounting plugin DataValidation
LogPluginManager: Mounting plugin FacialAnimation
LogPluginManager: Mounting plugin GameplayTagsEditor
LogPluginManager: Mounting plugin MobileLauncherProfileWizard
LogPluginManager: Mounting plugin PluginBrowser
LogPluginManager: Mounting plugin SpeedTreeImporter
LogPluginManager: Mounting plugin DatasmithContent
LogPluginManager: Mounting plugin AlembicImporter
LogPluginManager: Mounting plugin CharacterAI
LogPluginManager: Mounting plugin HTML5Networking
LogPluginManager: Mounting plugin AndroidMedia
LogPluginManager: Mounting plugin AvfMedia
LogPluginManager: Mounting plugin ImgMedia
LogPluginManager: Mounting plugin LinearTimecode
LogPluginManager: Mounting plugin MediaCompositing
LogPluginManager: Mounting plugin MediaPlayerEditor
LogPluginManager: Mounting plugin WmfMedia
LogPluginManager: Mounting plugin TcpMessaging
LogPluginManager: Mounting plugin UdpMessaging
LogPluginManager: Mounting plugin ActorSequence
LogPluginManager: Mounting plugin LevelSequenceEditor
LogPluginManager: Mounting plugin MatineeToLevelSequence
LogPluginManager: Mounting plugin NetcodeUnitTest
LogPluginManager: Mounting plugin NUTUnrealEngine4
LogPluginManager: Mounting plugin OnlineSubsystemGooglePlay
LogPluginManager: Mounting plugin OnlineSubsystemIOS
LogPluginManager: Mounting plugin OnlineSubsystem
LogPluginManager: Mounting plugin OnlineSubsystemNull
LogPluginManager: Mounting plugin OnlineSubsystemUtils
LogPluginManager: Mounting plugin AndroidDeviceProfileSelector
LogPluginManager: Mounting plugin AndroidMoviePlayer
LogPluginManager: Mounting plugin AndroidPermission
LogPluginManager: Mounting plugin ApexDestruction
LogPluginManager: Mounting plugin AppleARKit
LogPluginManager: Mounting plugin AppleMoviePlayer
LogPluginManager: Mounting plugin ArchVisCharacter
LogPluginManager: Mounting plugin AudioCapture
LogPluginManager: Mounting plugin CableComponent
LogPluginManager: Mounting plugin CustomMeshComponent
LogPluginManager: Mounting plugin ExampleDeviceProfileSelector
LogPluginManager: Mounting plugin GoogleCloudMessaging
LogPluginManager: Mounting plugin ImmediatePhysics
LogPluginManager: Mounting plugin IOSDeviceProfileSelector
LogPluginManager: Mounting plugin LinuxDeviceProfileSelector
LogPluginManager: Mounting plugin LocationServicesBPLibrary
LogPluginManager: Mounting plugin MobilePatchingUtils
LogPluginManager: Mounting plugin OculusVR
LogPluginManager: Plugin shader directory ../../../Engine/Plugins/Runtime/Oculus/OculusVR/Shaders found
LogPluginManager: Mapping shader source directory ../../../Engine/Plugins/Runtime/Oculus/OculusVR/Shaders to virtual directory /Plugin/OculusVR
LogPluginManager: Mounting plugin PhysXVehicles
LogPluginManager: Mounting plugin ProceduralMeshComponent
LogPluginManager: Mounting plugin RuntimePhysXCooking
LogPluginManager: Mounting plugin SteamVR
LogPluginManager: Mounting plugin WindowsMoviePlayer
LogStreaming: Display: Took  0.954s to configure plugins.
LogInit: Using libcurl 7.47.1
LogInit:  - built for x86_64-pc-win32
LogInit:  - supports SSL with OpenSSL/1.0.2g
LogInit:  - supports HTTP deflate (compression) using libz 1.2.8
LogInit:  - other features:
LogInit:      CURL_VERSION_SSL
LogInit:      CURL_VERSION_LIBZ
LogInit:      CURL_VERSION_IPV6
LogInit:      CURL_VERSION_ASYNCHDNS
LogInit:      CURL_VERSION_LARGEFILE
LogInit:      CURL_VERSION_IDN
LogInit:  CurlRequestOptions (configurable via config and command line):
LogInit:  - bVerifyPeer = false  - Libcurl will NOT verify peer certificate
LogInit:  - bUseHttpProxy = false  - Libcurl will NOT use HTTP proxy
LogInit:  - bDontReuseConnections = false  - Libcurl will reuse connections
LogInit:  - CertBundlePath = nullptr  - Libcurl will use whatever was configured at build time.
LogInit:  - MaxHostConnections = 16  - Libcurl will limit the number of connections to a host
LogInit:  - LocalHostAddr = Default
LogInit: WinSock: version 1.1 (2.2), MaxSocks=32767, MaxUdp=65467
LogInit: WinSock: I am SCT302-03 (10.128.151.184:0)
LogHMD: Failed initializing OVRPlugin 1.21.0
LogInit: Build: ++UE4+Release-4.19-CL-3989454
LogInit: Engine Version: 4.19.1-3989454+++UE4+Release-4.19
LogInit: Compatible Engine Version: 4.19.0-3944462+++UE4+Release-4.19
LogInit: Net CL: 3944462
LogDevObjectVersion: Number of dev versions registered: 18
LogDevObjectVersion:   Dev-Blueprints (B0D832E4-1F89-4F0D-ACCF-7EB736FD4AA2): 10
LogDevObjectVersion:   Dev-Build (E1C64328-A22C-4D53-A36C-8E866417BD8C): 0
LogDevObjectVersion:   Dev-Core (375EC13C-06E4-48FB-B500-84F0262A717E): 2
LogDevObjectVersion:   Dev-Editor (E4B068ED-F494-42E9-A231-DA0B2E46BB41): 23
LogDevObjectVersion:   Dev-Framework (CFFC743F-43B0-4480-9391-14DF171D2073): 33
LogDevObjectVersion:   Dev-Mobile (B02B49B5-BB20-44E9-A304-32B752E40360): 2
LogDevObjectVersion:   Dev-Networking (A4E4105C-59A1-49B5-A7C5-40C4547EDFEE): 0
LogDevObjectVersion:   Dev-Online (39C831C9-5AE6-47DC-9A44-9C173E1C8E7C): 0
LogDevObjectVersion:   Dev-Physics (78F01B33-EBEA-4F98-B9B4-84EACCB95AA2): 0
LogDevObjectVersion:   Dev-Platform (6631380F-2D4D-43E0-8009-CF276956A95A): 0
LogDevObjectVersion:   Dev-Rendering (12F88B9F-8875-4AFC-A67C-D90C383ABD29): 25
LogDevObjectVersion:   Dev-Sequencer (7B5AE74C-D270-4C10-A958-57980B212A5A): 6
LogDevObjectVersion:   Dev-VR (D7296918-1DD6-4BDD-9DE2-64A83CC13884): 1
LogDevObjectVersion:   Dev-LoadTimes (C2A15278-BFE7-4AFE-6C17-90FF531DF755): 1
LogDevObjectVersion:   Private-Geometry (6EACA3D4-40EC-4CC1-B786-8BED09428FC5): 2
LogDevObjectVersion:   Dev-AnimPhys (29E575DD-E0A3-4627-9D10-D276232CDCEA): 16
LogDevObjectVersion:   Dev-ReflectionCapture (6B266CEC-1EC7-4B8F-A30B-E4D90942FC07): 1
LogDevObjectVersion:   Dev-Automation (0DF73D61-A23F-47EA-B727-89E90C41499A): 1
LogInit: Compiled (64-bit): Apr  6 2018 12:26:04
LogInit: Compiled with Visual C++: 19.00.24215.01
LogInit: Build Configuration: Development
LogInit: Branch Name: ++UE4+Release-4.19
LogInit: Command Line:  
LogInit: Base Directory: C:/Program Files/Epic Games/UE_4.19/Engine/Binaries/Win64/
LogInit: Installed Engine Build: 1
LogStreaming: Display: Took  0.001s to delete old logs.
LogInit: Presizing for max 8388607 objects, including 0 objects not considered by GC, pre-allocating 0 bytes for permanent pool.
LogInit: Object subsystem initialized
[2018.05.26-03.16.29:274][  0]LogInit: Selected Device Profile: [Windows]
[2018.05.26-03.16.29:274][  0]LogInit: Applying CVar settings loaded from the selected device profile: [Windows]
[2018.05.26-03.16.29:287][  0]LogInit: Computer: SCT302-03
[2018.05.26-03.16.29:287][  0]LogInit: User: gd50ian
[2018.05.26-03.16.29:287][  0]LogInit: CPU Page size=4096, Cores=4
[2018.05.26-03.16.29:287][  0]LogInit: High frequency timer resolution =3.410073 MHz
[2018.05.26-03.16.29:287][  0]LogMemory: Memory total: Physical=31.9GB (32GB approx)
[2018.05.26-03.16.29:287][  0]LogMemory: Platform Memory Stats for Windows
[2018.05.26-03.16.29:287][  0]LogMemory: Process Physical Memory: 280.76 MB used, 280.76 MB peak
[2018.05.26-03.16.29:287][  0]LogMemory: Process Virtual Memory: 277.33 MB used, 277.33 MB peak
[2018.05.26-03.16.29:287][  0]LogMemory: Physical Memory: 10238.34 MB used,  22445.91 MB free, 32684.24 MB total
[2018.05.26-03.16.29:287][  0]LogMemory: Virtual Memory: 707.29 MB used,  22445.91 MB free, 134217728.00 MB total
[2018.05.26-03.16.29:306][  0]LogInit: Using OS detected language (en-US).
[2018.05.26-03.16.29:306][  0]LogInit: Using OS detected locale (en-US).
[2018.05.26-03.16.29:310][  0]LogTextLocalizationManager: No specific localization for 'en-US' exists, so the 'en' localization will be used.
[2018.05.26-03.16.29:743][  0]LogStreaming: Display: Took  0.436s to EndInitTextLocalization.
[2018.05.26-03.16.29:743][  0]LogInit: Setting process to per monitor DPI aware
[2018.05.26-03.16.29:777][  0]LogSlate: New Slate User Created.  User Index 0, Is Virtual User: 0
[2018.05.26-03.16.29:777][  0]LogSlate: Slate User Registered.  User Index 0, Is Virtual User: 0
[2018.05.26-03.16.30:002][  0]LogD3D11RHI: D3D11 adapters:
[2018.05.26-03.16.30:052][  0]LogD3D11RHI:    0. 'NVIDIA Quadro P4000' (Feature Level 11_0)
[2018.05.26-03.16.30:052][  0]LogD3D11RHI:       8092/0/16342 MB DedicatedVideo/DedicatedSystem/SharedSystem, Outputs:1, VendorId:0x10de
[2018.05.26-03.16.30:054][  0]LogD3D11RHI:    1. 'Microsoft Basic Render Driver' (Feature Level 11_0)
[2018.05.26-03.16.30:054][  0]LogD3D11RHI:       0/0/16342 MB DedicatedVideo/DedicatedSystem/SharedSystem, Outputs:0, VendorId:0x1414
[2018.05.26-03.16.30:054][  0]LogD3D11RHI: Chosen D3D11 Adapter: 0
[2018.05.26-03.16.30:059][  0]LogD3D11RHI: Creating new Direct3DDevice
[2018.05.26-03.16.30:059][  0]LogD3D11RHI:     GPU DeviceId: 0x1bb1 (for the marketing name, search the web for "GPU Device Id")
[2018.05.26-03.16.30:059][  0]LogWindows: EnumDisplayDevices:
[2018.05.26-03.16.30:059][  0]LogWindows:    0. 'NVIDIA Quadro P4000' (P:1 D:1)
[2018.05.26-03.16.30:059][  0]LogWindows:    1. 'NVIDIA Quadro P4000' (P:0 D:0)
[2018.05.26-03.16.30:059][  0]LogWindows:    2. 'NVIDIA Quadro P4000' (P:0 D:0)
[2018.05.26-03.16.30:060][  0]LogWindows:    3. 'NVIDIA Quadro P4000' (P:0 D:0)
[2018.05.26-03.16.30:060][  0]LogWindows: DebugString: FoundDriverCount:4 
[2018.05.26-03.16.30:060][  0]LogD3D11RHI:     Adapter Name: NVIDIA Quadro P4000
[2018.05.26-03.16.30:060][  0]LogD3D11RHI:   Driver Version: 391.33 (internal:23.21.13.9133, unified:391.33)
[2018.05.26-03.16.30:060][  0]LogD3D11RHI:      Driver Date: 3-22-2018
[2018.05.26-03.16.30:060][  0]LogRHI: Texture pool is 5665 MB (70% of 8092 MB)
[2018.05.26-03.16.30:094][  0]LogD3D11RHI: [Aftermath] Aftermath enabled and primed
[2018.05.26-03.16.30:094][  0]LogD3D11RHI: [Aftermath] Aftermath enabled and primed
[2018.05.26-03.16.30:094][  0]LogD3D11RHI: Async texture creation enabled
[2018.05.26-03.16.30:111][  0]LogD3D11RHI: GPU Timing Frequency: 1000.000000 (Debug: 2 2)
[2018.05.26-03.16.30:112][  0]LogShaderCompilers: Guid format shader working directory is -23 characters bigger than the processId version (../../../../../../Users/gd50ian/Documents/Unreal/Quest_GD50/Quest_GD50/Intermediate/Shaders/WorkingDirectory/25544/).
[2018.05.26-03.16.30:112][  0]LogShaderCompilers: Cleaned the shader compiler working directory 'C:/Users/gd50ian/AppData/Local/Temp/UnrealShaderWorkingDir/218FDF674D2C9976AE063993CACA18A2/'.
[2018.05.26-03.16.30:893][  0]LogTemp: Display: Loaded TP AllDesktopTargetPlatform
[2018.05.26-03.16.30:906][  0]LogTemp: Display: Loaded TP MacClientTargetPlatform
[2018.05.26-03.16.30:920][  0]LogTemp: Display: Loaded TP MacNoEditorTargetPlatform
[2018.05.26-03.16.30:933][  0]LogTemp: Display: Loaded TP MacServerTargetPlatform
[2018.05.26-03.16.30:946][  0]LogTemp: Display: Loaded TP MacTargetPlatform
[2018.05.26-03.16.30:959][  0]LogTemp: Display: Loaded TP WindowsClientTargetPlatform
[2018.05.26-03.16.30:976][  0]LogTemp: Display: Loaded TP WindowsNoEditorTargetPlatform
[2018.05.26-03.16.31:008][  0]LogTemp: Display: Loaded TP WindowsServerTargetPlatform
[2018.05.26-03.16.31:020][  0]LogTemp: Display: Loaded TP WindowsTargetPlatform
[2018.05.26-03.16.31:033][  0]LogTemp: Display: Loaded TP Android_ASTCTargetPlatform
[2018.05.26-03.16.31:045][  0]LogTemp: Display: Loaded TP Android_ATCTargetPlatform
[2018.05.26-03.16.31:057][  0]LogTemp: Display: Loaded TP Android_DXTTargetPlatform
[2018.05.26-03.16.31:069][  0]LogTemp: Display: Loaded TP Android_ETC1aTargetPlatform
[2018.05.26-03.16.31:088][  0]LogTemp: Display: Loaded TP Android_ETC1TargetPlatform
[2018.05.26-03.16.31:107][  0]LogTemp: Display: Loaded TP Android_ETC2TargetPlatform
[2018.05.26-03.16.31:144][  0]LogTemp: Display: Loaded TP Android_MultiTargetPlatform
[2018.05.26-03.16.31:145][  0]LogTemp: Display: Loaded TP Android_PVRTCTargetPlatform
[2018.05.26-03.16.31:167][  0]LogTemp: Display: Loaded TP AndroidTargetPlatform
[2018.05.26-03.16.31:175][  0]LogTemp: Display: Loaded TP HTML5TargetPlatform
[2018.05.26-03.16.31:234][  0]LogTemp: Display: Loaded TP IOSTargetPlatform
[2018.05.26-03.16.31:253][  0]LogTemp: Display: Loaded TP TVOSTargetPlatform
[2018.05.26-03.16.31:272][  0]LogTemp: Display: Loaded TP LinuxClientTargetPlatform
[2018.05.26-03.16.31:291][  0]LogTemp: Display: Loaded TP LinuxNoEditorTargetPlatform
[2018.05.26-03.16.31:311][  0]LogTemp: Display: Loaded TP LinuxServerTargetPlatform
[2018.05.26-03.16.31:331][  0]LogTemp: Display: Loaded TP LinuxTargetPlatform
[2018.05.26-03.16.31:331][  0]LogTargetPlatformManager: Display: Building Assets For Windows
[2018.05.26-03.16.31:438][  0]LogXGEController: Cleaning working directory: C:/Users/gd50ian/AppData/Local/Temp/UnrealXGEWorkingDir/
[2018.05.26-03.16.31:438][  0]LogXGEController: Cannot use XGE Controller as Incredibuild is not installed on this machine.
[2018.05.26-03.16.31:438][  0]LogShaderCompilers: Cannot use XGE Shader Compiler as Incredibuild is not installed on this machine.
[2018.05.26-03.16.31:438][  0]LogShaderCompilers: Display: Using Local Shader Compiler.
[2018.05.26-03.16.32:187][  0]LogDerivedDataCache: Display: Max Cache Size: 512 MB
[2018.05.26-03.16.32:267][  0]LogDerivedDataCache: Loaded boot cache 0.08s 87MB C:/Users/gd50ian/AppData/Local/UnrealEngine/4.19/DerivedDataCache/Boot.ddc.
[2018.05.26-03.16.32:267][  0]LogDerivedDataCache: Display: Loaded Boot cache: C:/Users/gd50ian/AppData/Local/UnrealEngine/4.19/DerivedDataCache/Boot.ddc
[2018.05.26-03.16.32:267][  0]LogDerivedDataCache: FDerivedDataBackendGraph:  Pak pak cache file ../../../../../../Users/gd50ian/Documents/Unreal/Quest_GD50/Quest_GD50/DerivedDataCache/DDC.ddp not found, will not use a pak cache.
[2018.05.26-03.16.32:267][  0]LogDerivedDataCache: Unable to find inner node Pak for hierarchical cache Hierarchy.
[2018.05.26-03.16.32:267][  0]LogDerivedDataCache: FDerivedDataBackendGraph:  CompressedPak pak cache file ../../../../../../Users/gd50ian/Documents/Unreal/Quest_GD50/Quest_GD50/DerivedDataCache/Compressed.ddp not found, will not use a pak cache.
[2018.05.26-03.16.32:267][  0]LogDerivedDataCache: Unable to find inner node CompressedPak for hierarchical cache Hierarchy.
[2018.05.26-03.16.32:286][  0]LogDerivedDataCache: Display: Pak cache opened for reading ../../../Engine/DerivedDataCache/Compressed.ddp.
[2018.05.26-03.16.32:298][  0]LogDerivedDataCache: Using Local data cache path C:/Users/gd50ian/AppData/Local/UnrealEngine/Common/DerivedDataCache: Writable
[2018.05.26-03.16.32:312][  0]LogMaterial: Verifying Global Shaders for PCD3D_SM5
[2018.05.26-03.16.32:312][  0]LogSlate: Using Freetype 2.6.0
[2018.05.26-03.16.32:313][  0]LogSlate: SlateFontCache - WITH_FREETYPE: 1, WITH_HARFBUZZ: 1
[2018.05.26-03.16.32:313][  0]LogSlate: SlateFontCache - WITH_FREETYPE: 1, WITH_HARFBUZZ: 1
[2018.05.26-03.16.32:445][  0]LogAssetRegistry: FAssetRegistry took 0.0261 seconds to start up
[2018.05.26-03.16.32:779][  0]LogInit: Selected Device Profile: [Windows]
[2018.05.26-03.16.32:920][  0]LogSimplygon: Simplygon DLL not present - disabling.
[2018.05.26-03.16.32:922][  0]LogMeshReduction: Using SimplygonSwarm for distributed automatic mesh merging
[2018.05.26-03.16.32:922][  0]LogMeshReduction: Using QuadricMeshReduction for automatic static mesh reduction
[2018.05.26-03.16.32:922][  0]LogMeshReduction: No automatic skeletal mesh reduction module available
[2018.05.26-03.16.32:922][  0]LogMeshReduction: No automatic mesh merging module available
[2018.05.26-03.16.32:922][  0]LogMeshMerging: No automatic mesh merging module available
[2018.05.26-03.16.32:952][  0]LogNetVersion: Quest_GD50 , NetCL: 3944462, EngineNetVer: 2, GameNetVer: 0 (Checksum: 405932995)
[2018.05.26-03.16.33:377][  0]LogPackageLocalizationCache: Processed 9 localized package path(s) for 2 prioritized culture(s) in 0.067141 seconds
[2018.05.26-03.16.33:385][  0]LogUObjectArray: 36728 objects as part of root set at end of initial load.
[2018.05.26-03.16.33:385][  0]LogUObjectAllocator: 7314304 out of 0 bytes used by permanent object pool.
[2018.05.26-03.16.33:385][  0]LogUObjectArray: CloseDisregardForGC: 0/0 objects in disregard for GC pool
[2018.05.26-03.16.35:041][  0]LogTcpMessaging: Initializing TcpMessaging bridge
[2018.05.26-03.16.35:069][  0]LogUdpMessaging: Initializing bridge on interface 0.0.0.0:0 to multicast group 230.0.0.1:6666.
[2018.05.26-03.16.35:472][  0]SourceControl: Source control is disabled
[2018.05.26-03.16.36:500][  0]LogAndroidPermission: UAndroidPermissionCallbackProxy::GetInstance
[2018.05.26-03.16.36:651][  0]LogOcInput: OculusInput pre-init called
[2018.05.26-03.16.36:828][  0]LogEngine: Initializing Engine...
[2018.05.26-03.16.36:829][  0]LogHMD: Failed to initialize OpenVR with code 110
[2018.05.26-03.16.36:831][  0]LogStats: UGameplayTagsManager::ConstructGameplayTagTree: Construct from data asset -  0.000 s
[2018.05.26-03.16.36:831][  0]LogStats: UGameplayTagsManager::ConstructGameplayTagTree: GameplayTagTreeChangedEvent.Broadcast -  0.000 s
[2018.05.26-03.16.37:085][  0]LogAIModule: Creating AISystem for world Untitled
[2018.05.26-03.16.37:090][  0]LogInit: XAudio2 using 'Speakers (Realtek High Definition Audio)' : 2 channels at 48 kHz using 32 bits per sample (channel mask 0x3)
[2018.05.26-03.16.37:101][  0]LogInit: FAudioDevice initialized.
[2018.05.26-03.16.37:188][  0]LogDerivedDataCache: Saved boot cache 0.09s 87MB C:/Users/gd50ian/AppData/Local/UnrealEngine/4.19/DerivedDataCache/Boot.ddc.
[2018.05.26-03.16.37:201][  0]LogInit: Texture streaming: Enabled
[2018.05.26-03.16.37:225][  0]LogEngineSessionManager: EngineSessionManager initialized
[2018.05.26-03.16.37:237][  0]LogInit: Transaction tracking system initialized
[2018.05.26-03.16.37:257][  0]BlueprintLog: New page: Editor Load
[2018.05.26-03.16.37:495][  0]LocalizationService: Localization service is disabled
[2018.05.26-03.16.37:585][  0]LogConsoleResponse: Display: 
[2018.05.26-03.16.37:714][  0]LogCook: Display: Max memory allowance for cook 16384mb min free memory 0mb
[2018.05.26-03.16.37:714][  0]LogCook: Display: Mobile HDR setting 1
[2018.05.26-03.16.37:714][  0]LogGameplayTags: Display: UGameplayTagsManager::DoneAddingNativeTags. DelegateIsBound: 0
[2018.05.26-03.16.37:714][  0]LogStats: UGameplayTagsManager::ConstructGameplayTagTree: Construct from data asset -  0.000 s
[2018.05.26-03.16.37:714][  0]LogStats: UGameplayTagsManager::ConstructGameplayTagTree: GameplayTagTreeChangedEvent.Broadcast -  0.000 s
[2018.05.26-03.16.38:076][  0]LogFileCache: Scanning file cache for directory 'C:/Users/gd50ian/Documents/Unreal/Quest_GD50/Quest_GD50/Content/' took 0.05s
[2018.05.26-03.16.38:076][  0]Cmd: MAP LOAD FILE="../../../../../../Users/gd50ian/Documents/Unreal/Quest_GD50/Quest_GD50/Content/Maps/Assets.umap" TEMPLATE=0 SHOWPROGRESS=1 FEATURELEVEL=3
[2018.05.26-03.16.38:077][  0]LightingResults: New page: Lighting Build
[2018.05.26-03.16.38:079][  0]MapCheck: New page: Map Check
[2018.05.26-03.16.38:079][  0]LightingResults: New page: Lighting Build
[2018.05.26-03.16.38:607][  0]LogClass: Warning: Enum '/Game/Blueprints/Ingredients/Enum_PatrolTypes.Enum_PatrolTypes' was upgraded to use FText to store its display name data. Please re-save this asset to avoid issues with localization and determinstic cooking.
[2018.05.26-03.16.38:617][  0]LogClass: Warning: Enum '/Game/Blueprints/Characters/Enum_UpdateHealth.Enum_UpdateHealth' was upgraded to use FText to store its display name data. Please re-save this asset to avoid issues with localization and determinstic cooking.
[2018.05.26-03.16.38:619][  0]LogClass: Warning: Enum '/Game/Blueprints/Characters/Enum_InventoryItemType.Enum_InventoryItemType' was upgraded to use FText to store its display name data. Please re-save this asset to avoid issues with localization and determinstic cooking.
[2018.05.26-03.16.38:629][  0]LogClass: Warning: Enum '/Game/Blueprints/Characters/Enum_ControlState.Enum_ControlState' was upgraded to use FText to store its display name data. Please re-save this asset to avoid issues with localization and determinstic cooking.
[2018.05.26-03.16.38:634][  0]LogClass: Warning: Enum '/Game/Blueprints/Characters/Enum_AIState.Enum_AIState' was upgraded to use FText to store its display name data. Please re-save this asset to avoid issues with localization and determinstic cooking.
[2018.05.26-03.16.38:642][  0]LogClass: Warning: Enum '/Game/Blueprints/Characters/Enum_Role.Enum_Role' was upgraded to use FText to store its display name data. Please re-save this asset to avoid issues with localization and determinstic cooking.
[2018.05.26-03.16.38:954][  0]LogBlueprint: Warning: [Compiler Juno_AnimBlueprint] Node  Transform (Modify) Bone - Bone: Character1_Hips  uses potentially thread-unsafe call  Get Mesh . Disable threaded update or use a thread-safe call. Function may need BlueprintThreadSafe metadata adding.
[2018.05.26-03.16.38:954][  0]LogBlueprint: Warning: [Compiler Juno_AnimBlueprint] Node  Transform (Modify) Bone - Bone: Character1_Hips  uses potentially thread-unsafe call  Get Mesh . Disable threaded update or use a thread-safe call. Function may need BlueprintThreadSafe metadata adding.
[2018.05.26-03.16.38:954][  0]LogBlueprint: Warning: [Compiler Juno_AnimBlueprint] Node  Transform (Modify) Bone - Bone: Character1_Hips  uses potentially thread-unsafe call  Get Mesh . Disable threaded update or use a thread-safe call. Function may need BlueprintThreadSafe metadata adding.
[2018.05.26-03.16.38:960][  0]LogBlueprint: Warning: [Compiler Juno_AnimBlueprint] [0012.68] Compile of Juno_AnimBlueprint successful, but with 3 Warning(s) [in 372 ms] (/Game/Animation/Juno_AnimBlueprint.Juno_AnimBlueprint)
[2018.05.26-03.16.39:134][  0]LogBlueprint: Warning: [Compiler BTT_Patrol] ProjectPointToNavigation_DEPRECATED  is deprecated; This version of ProjectPointToNavigation is deprecated. Please use the new version
[2018.05.26-03.16.39:142][  0]LogBlueprint: Warning: [Compiler BTT_Patrol] [0012.87] Compile of BTT_Patrol successful, but with 1 Warning(s) [in 13 ms] (/Game/AI/BTT_Patrol.BTT_Patrol)
[2018.05.26-03.16.40:878][  0]LogClass: Warning: Enum '/Game/Blueprints/Ingredients/Enum_SpawnerTypes.Enum_SpawnerTypes' was upgraded to use FText to store its display name data. Please re-save this asset to avoid issues with localization and determinstic cooking.
[2018.05.26-03.16.41:031][  0]LogClass: Warning: Enum '/Game/Blueprints/Ingredients/Enum_PickupTypes.Enum_PickupTypes' was upgraded to use FText to store its display name data. Please re-save this asset to avoid issues with localization and determinstic cooking.
[2018.05.26-03.16.41:032][  0]LogClass: Warning: Enum '/Game/Blueprints/Ingredients/Enum_PotionAffectTypes.Enum_PotionAffectTypes' was upgraded to use FText to store its display name data. Please re-save this asset to avoid issues with localization and determinstic cooking.
[2018.05.26-03.16.41:182][  0]LogBlueprint: Warning: [Compiler QuestLookAtTrigger] Clear Timer by Handle  is deprecated; Use Clear and Invalidate Timer by Handle. Note: you no longer need to reset your handle yourself after switching to the new function.
[2018.05.26-03.16.41:186][  0]LogBlueprint: Warning: [Compiler QuestLookAtTrigger] [0014.91] Compile of QuestLookAtTrigger successful, but with 1 Warning(s) [in 11 ms] (/Game/Blueprints/Ingredients/QuestLookAtTrigger.QuestLookAtTrigger)
[2018.05.26-03.16.43:594][  0]LogClass: Warning: Enum '/Game/Blueprints/Characters/Enum_AcquisitionType.Enum_AcquisitionType' was upgraded to use FText to store its display name data. Please re-save this asset to avoid issues with localization and determinstic cooking.
[2018.05.26-03.16.43:594][  0]LogClass: Warning: Enum '/Game/Blueprints/Characters/Enum_Standing.Enum_Standing' was upgraded to use FText to store its display name data. Please re-save this asset to avoid issues with localization and determinstic cooking.
[2018.05.26-03.16.43:594][  0]LogClass: Warning: Enum '/Game/Blueprints/Characters/Enum_Faction.Enum_Faction' was upgraded to use FText to store its display name data. Please re-save this asset to avoid issues with localization and determinstic cooking.
[2018.05.26-03.16.44:390][  0]LogSkeletalMesh: Skeletal Mesh found in DDC [0.407909ms] /Game/Characters/Juno/Meshes/Juno_SkeletalMesh.Juno_SkeletalMesh
[2018.05.26-03.16.44:449][  0]LogMovieScene: Warning: Legacy data detected in sequence '/Game/UI/UMG/QuestUMG_IngameHUD (Unknown sequence)'. This will cause deterministic cooking issues. Please resave the package.
[2018.05.26-03.16.44:449][  0]LogMovieScene: Warning: Legacy data detected in sequence '/Game/UI/UMG/QuestUMG_IngameHUD (JournalEnter)'. This will cause deterministic cooking issues. Please resave the package.
[2018.05.26-03.16.44:449][  0]LogMovieScene: Warning: Legacy data detected in sequence '/Game/UI/UMG/QuestUMG_IngameHUD (Unknown sequence)'. This will cause deterministic cooking issues. Please resave the package.
[2018.05.26-03.16.44:449][  0]LogMovieScene: Warning: Legacy data detected in sequence '/Game/UI/UMG/QuestUMG_IngameHUD (JournalExit)'. This will cause deterministic cooking issues. Please resave the package.
[2018.05.26-03.16.44:449][  0]LogMovieScene: Warning: Legacy data detected in sequence '/Engine/Transient (Unknown sequence)'. This will cause deterministic cooking issues. Please resave the package.
[2018.05.26-03.16.44:449][  0]LogMovieScene: Warning: Legacy data detected in sequence '/Engine/Transient (JournalEnter_INST)'. This will cause deterministic cooking issues. Please resave the package.
[2018.05.26-03.16.44:449][  0]LogMovieScene: Warning: Legacy data detected in sequence '/Engine/Transient (Unknown sequence)'. This will cause deterministic cooking issues. Please resave the package.
[2018.05.26-03.16.44:449][  0]LogMovieScene: Warning: Legacy data detected in sequence '/Engine/Transient (JournalExit_INST)'. This will cause deterministic cooking issues. Please resave the package.
[2018.05.26-03.16.44:449][  0]LogMovieScene: Warning: Legacy data detected in sequence '/Game/UI/UMG/QuestUMG_IngameHUD (JournalEnter)'. This will cause deterministic cooking issues. Please resave the package.
[2018.05.26-03.16.44:449][  0]LogMovieScene: Warning: Legacy data detected in sequence '/Game/UI/UMG/QuestUMG_IngameHUD (JournalExit)'. This will cause deterministic cooking issues. Please resave the package.
[2018.05.26-03.16.44:449][  0]LogMovieScene: Warning: Legacy data detected in sequence '/Engine/Transient (JournalEnter_INST)'. This will cause deterministic cooking issues. Please resave the package.
[2018.05.26-03.16.44:449][  0]LogMovieScene: Warning: Legacy data detected in sequence '/Engine/Transient (JournalExit_INST)'. This will cause deterministic cooking issues. Please resave the package.
[2018.05.26-03.16.44:449][  0]LogMovieScene: Warning: Legacy data detected in sequence '/Game/UI/UMG/QuestUMG_IngameHUD (JournalEnter)'. This will cause deterministic cooking issues. Please resave the package.
[2018.05.26-03.16.44:449][  0]LogMovieScene: Warning: Legacy data detected in sequence '/Game/UI/UMG/QuestUMG_IngameHUD (JournalExit)'. This will cause deterministic cooking issues. Please resave the package.
[2018.05.26-03.16.44:449][  0]LogMovieScene: Warning: Legacy data detected in sequence '/Engine/Transient (JournalEnter_INST)'. This will cause deterministic cooking issues. Please resave the package.
[2018.05.26-03.16.44:449][  0]LogMovieScene: Warning: Legacy data detected in sequence '/Engine/Transient (JournalExit_INST)'. This will cause deterministic cooking issues. Please resave the package.
[2018.05.26-03.16.44:462][  0]LogSkeletalMesh: Skeletal Mesh found in DDC [0.305565ms] /Game/Characters/HumanWorker/Meshes/HumanWorker_SkeletalMesh.HumanWorker_SkeletalMesh
[2018.05.26-03.16.44:488][  0]LogClass: Warning: Enum '/Game/Blueprints/Ingredients/Enum_MarkerType.Enum_MarkerType' was upgraded to use FText to store its display name data. Please re-save this asset to avoid issues with localization and determinstic cooking.
[2018.05.26-03.16.44:753][  0]LogSkeletalMesh: Skeletal Mesh found in DDC [0.213485ms] /Game/Characters/AnimalCat/Meshes/AnimalCat_SkeletalMesh.AnimalCat_SkeletalMesh
[2018.05.26-03.16.44:783][  0]LogSkeletalMesh: Skeletal Mesh found in DDC [0.601160ms] /Game/Characters/DemonBoss/Meshes/DemonBoss_SkeletalMesh.DemonBoss_SkeletalMesh
[2018.05.26-03.16.44:792][  0]LogSkeletalMesh: Skeletal Mesh found in DDC [0.398818ms] /Game/Characters/DemonBomb/Meshes/DemonBomb_SkeletalMesh.DemonBomb_SkeletalMesh
[2018.05.26-03.16.44:817][  0]LogSkeletalMesh: Skeletal Mesh found in DDC [0.198823ms] /Game/Characters/AnimalRooster/Meshes/AnimalRooster_SkeletalMesh.AnimalRooster_SkeletalMesh
[2018.05.26-03.16.44:823][  0]LogSkeletalMesh: Skeletal Mesh found in DDC [0.263924ms] /Game/Characters/AnimalPig/Meshes/AnimalPig_SkeletalMesh.AnimalPig_SkeletalMesh
[2018.05.26-03.16.44:840][  0]LogSkeletalMesh: Skeletal Mesh found in DDC [0.190905ms] /Game/Characters/AnimalCow/Meshes/AnimalCow_SkeletalMesh.AnimalCow_SkeletalMesh
[2018.05.26-03.16.44:868][  0]LogSkeletalMesh: Skeletal Mesh found in DDC [0.348380ms] /Game/Characters/DemonFat/Meshes/DemonFat_SkeletalMesh.DemonFat_SkeletalMesh
[2018.05.26-03.16.44:881][  0]LogSkeletalMesh: Skeletal Mesh found in DDC [0.364215ms] /Game/Characters/HumanWarrior/Meshes/HumanWarrior_SkeletalMesh.HumanWarrior_SkeletalMesh
[2018.05.26-03.16.44:896][  0]LogSkeletalMesh: Skeletal Mesh found in DDC [0.213192ms] /Game/Characters/HumanArcher/Meshes/HumanArcher_SkeletalMesh.HumanArcher_SkeletalMesh
[2018.05.26-03.16.44:917][  0]LogSkeletalMesh: Skeletal Mesh found in DDC [0.329318ms] /Game/Characters/DemonImp/Meshes/DemonImp_SkeletalMesh.DemonImp_SkeletalMesh
[2018.05.26-03.16.44:938][  0]LogSkeletalMesh: Skeletal Mesh found in DDC [0.335770ms] /Game/Characters/DemonGrunt/Meshes/DemonGrunt_SkeletalMesh.DemonGrunt_SkeletalMesh
[2018.05.26-03.16.44:944][  0]LogSkeletalMesh: Skeletal Mesh found in DDC [0.258352ms] /Game/Characters/MicroDemon/Meshes/MicroDemon_SkeletalMesh.MicroDemon_SkeletalMesh
[2018.05.26-03.16.44:973][  0]LogSkeletalMesh: Skeletal Mesh found in DDC [0.343394ms] /Game/Characters/SkeletonArcher/Meshes/SkeletonArcher_SkeletalMesh.SkeletonArcher_SkeletalMesh
[2018.05.26-03.16.44:995][  0]LogSkeletalMesh: Skeletal Mesh found in DDC [0.204101ms] /Game/Characters/MiniDragon/Meshes/MiniDragon_SkeletalMesh.MiniDragon_SkeletalMesh
[2018.05.26-03.16.45:025][  0]LogSkeletalMesh: Skeletal Mesh found in DDC [0.284158ms] /Game/Characters/MicroDragon/Meshes/MicroDragon_SkeletalMesh.MicroDragon_SkeletalMesh
[2018.05.26-03.16.45:035][  0]LogSkeletalMesh: Skeletal Mesh found in DDC [0.670660ms] /Game/Characters/SkeletonGrunt/Meshes/SkeletonGrunt_SkeletalMesh.SkeletonGrunt_SkeletalMesh
[2018.05.26-03.16.45:064][  0]LogSkeletalMesh: Skeletal Mesh found in DDC [0.525795ms] /Game/Characters/SkeletonSwordsman/Meshes/SkeletonSwordsman_SkeletalMesh.SkeletonSwordsman_SkeletalMesh
[2018.05.26-03.16.45:086][  0]LogSkeletalMesh: Skeletal Mesh found in DDC [0.345154ms] /Game/Characters/SkeletonMage/Meshes/SkeletonMage_SkeletalMesh.SkeletonMage_SkeletalMesh
[2018.05.26-03.16.45:109][  0]LogSkeletalMesh: Skeletal Mesh found in DDC [0.619342ms] /Game/Characters/SkeletonKing/Meshes/SkeletonKing_SkeletalMesh.SkeletonKing_SkeletalMesh
[2018.05.26-03.16.45:132][  0]LogSkeletalMesh: Skeletal Mesh found in DDC [0.402631ms] /Game/Characters/ZombieCommoner/Meshes/ZombieCommoner_SkeletalMesh.ZombieCommoner_SkeletalMesh
[2018.05.26-03.16.45:153][  0]LogSkeletalMesh: Skeletal Mesh found in DDC [0.589137ms] /Game/Characters/ZombieBoss/Meshes/ZombieBoss_SkeletalMesh.ZombieBoss_SkeletalMesh
[2018.05.26-03.16.45:161][  0]LogSkeletalMesh: Skeletal Mesh found in DDC [0.398525ms] /Game/Characters/ZombieSnapper/Meshes/ZombieSnapper_SkeletalMesh.ZombieSnapper_SkeletalMesh
[2018.05.26-03.16.45:184][  0]LogSkeletalMesh: Skeletal Mesh found in DDC [0.405270ms] /Game/Characters/ZombieMurderer/Meshes/ZombieMurderer_SkeletalMesh.ZombieMurderer_SkeletalMesh
[2018.05.26-03.16.45:206][  0]LogSkeletalMesh: Skeletal Mesh found in DDC [0.311430ms] /Game/Characters/ZombieFat/Meshes/ZombieFat_SkeletalMesh.ZombieFat_SkeletalMesh
[2018.05.26-03.16.45:270][  0]LogClass: Warning: Enum '/Game/Blueprints/Ingredients/Enum_PotionAmountTypes.Enum_PotionAmountTypes' was upgraded to use FText to store its display name data. Please re-save this asset to avoid issues with localization and determinstic cooking.
[2018.05.26-03.16.45:271][  0]LogClass: Warning: Enum '/Game/Blueprints/Ingredients/Enum_KeyType.Enum_KeyType' was upgraded to use FText to store its display name data. Please re-save this asset to avoid issues with localization and determinstic cooking.
[2018.05.26-03.16.45:380][  0]LogClass: Warning: Enum '/Game/Blueprints/Ingredients/Enum_ChestTypes.Enum_ChestTypes' was upgraded to use FText to store its display name data. Please re-save this asset to avoid issues with localization and determinstic cooking.
[2018.05.26-03.16.45:536][  0]LogClass: Warning: Enum '/Game/Blueprints/Ingredients/Enum_DungeonDoorType.Enum_DungeonDoorType' was upgraded to use FText to store its display name data. Please re-save this asset to avoid issues with localization and determinstic cooking.
[2018.05.26-03.16.45:714][  0]LogClass: Warning: Enum '/Game/Blueprints/Ingredients/Enum_MayanDoorTypes.Enum_MayanDoorTypes' was upgraded to use FText to store its display name data. Please re-save this asset to avoid issues with localization and determinstic cooking.
[2018.05.26-03.16.45:783][  0]LogClass: Warning: Enum '/Game/Blueprints/Ingredients/Enum_MovingLiquidType.Enum_MovingLiquidType' was upgraded to use FText to store its display name data. Please re-save this asset to avoid issues with localization and determinstic cooking.
[2018.05.26-03.16.46:602][  0]LogAIModule: Creating AISystem for world Assets
[2018.05.26-03.16.46:624][  0]LogPhysics: Warning: Initialising Body : Scale3D is (nearly) zero: Component: '/Game/Maps/Assets.Assets:PersistentLevel.BP_meshesPreview36_2352.NODE_AddStaticMeshComponent-0_916' 
[2018.05.26-03.16.46:624][  0]LogPhysics: Warning: Initialising Body : Scale3D is (nearly) zero: Component: '/Game/Maps/Assets.Assets:PersistentLevel.BP_meshesPreview36_2352.NODE_AddStaticMeshComponent-0_917' 
[2018.05.26-03.16.46:628][  0]LogPhysics: Warning: Initialising Body : Scale3D is (nearly) zero: Component: '/Game/Maps/Assets.Assets:PersistentLevel.BP_meshesPreview33_1770.NODE_AddStaticMeshComponent-0_969' 
[2018.05.26-03.16.46:638][  0]LogPhysics: Warning: Initialising Body : Scale3D is (nearly) zero: Component: '/Game/Maps/Assets.Assets:PersistentLevel.BP_meshesPreview26.NODE_AddStaticMeshComponent-0_1066' 
[2018.05.26-03.16.46:638][  0]LogPhysics: Warning: Initialising Body : Scale3D is (nearly) zero: Component: '/Game/Maps/Assets.Assets:PersistentLevel.BP_meshesPreview26.NODE_AddStaticMeshComponent-0_1067' 
[2018.05.26-03.16.46:641][  0]LogPhysics: Warning: Initialising Body : Scale3D is (nearly) zero: Component: '/Game/Maps/Assets.Assets:PersistentLevel.BP_meshesPreview23.NODE_AddStaticMeshComponent-0_1109' 
[2018.05.26-03.16.46:667][  0]LogPhysics: Warning: Initialising Body : Scale3D is (nearly) zero: Component: '/Game/Maps/Assets.Assets:PersistentLevel.BP_meshesPreview46.NODE_AddStaticMeshComponent-0_1455' 
[2018.05.26-03.16.46:667][  0]LogPhysics: Warning: Initialising Body : Scale3D is (nearly) zero: Component: '/Game/Maps/Assets.Assets:PersistentLevel.BP_meshesPreview46.NODE_AddStaticMeshComponent-0_1460' 
[2018.05.26-03.16.46:758][  0]LogPhysics: Warning: Initialising Body : Scale3D is (nearly) zero: Component: '/Game/Maps/Assets.Assets:PersistentLevel.BP_meshesPreview36_2352.NODE_AddStaticMeshComponent-0_121' 
[2018.05.26-03.16.46:759][  0]LogPhysics: Warning: Initialising Body : Scale3D is (nearly) zero: Component: '/Game/Maps/Assets.Assets:PersistentLevel.BP_meshesPreview36_2352.NODE_AddStaticMeshComponent-0_122' 
[2018.05.26-03.16.46:777][  0]LogPhysics: Warning: Initialising Body : Scale3D is (nearly) zero: Component: '/Game/Maps/Assets.Assets:PersistentLevel.BP_meshesPreview33_1770.NODE_AddStaticMeshComponent-0_174' 
[2018.05.26-03.16.46:821][  0]LogPhysics: Warning: Initialising Body : Scale3D is (nearly) zero: Component: '/Game/Maps/Assets.Assets:PersistentLevel.BP_meshesPreview26.NODE_AddStaticMeshComponent-0_271' 
[2018.05.26-03.16.46:821][  0]LogPhysics: Warning: Initialising Body : Scale3D is (nearly) zero: Component: '/Game/Maps/Assets.Assets:PersistentLevel.BP_meshesPreview26.NODE_AddStaticMeshComponent-0_272' 
[2018.05.26-03.16.46:857][  0]LogScriptCore: Warning: Script Msg: Attempted to access index 15 from array 'v_staticMesh' of length 15 in '/Game/Blueprints/Tools/BP_meshesPreview.BP_meshesPreview_C'!
[2018.05.26-03.16.46:857][  0]LogScriptCore: Warning: Script Msg: Attempted to access index 15 from array 'v_meshStartRotation' of length 15 in '/Game/Blueprints/Tools/BP_meshesPreview.BP_meshesPreview_C'!
[2018.05.26-03.16.46:857][  0]LogScriptCore: Warning: Script Msg: Attempted to access index 15 from array 'v_manualLocation' of length 15 in '/Game/Blueprints/Tools/BP_meshesPreview.BP_meshesPreview_C'!
[2018.05.26-03.16.46:858][  0]LogScriptCore: Warning: Script Msg: Attempted to access index 15 from array 'v_staticMesh' of length 15 in '/Game/Blueprints/Tools/BP_meshesPreview.BP_meshesPreview_C'!
[2018.05.26-03.16.46:864][  0]LogPhysics: Warning: Initialising Body : Scale3D is (nearly) zero: Component: '/Game/Maps/Assets.Assets:PersistentLevel.BP_meshesPreview23.NODE_AddStaticMeshComponent-0_314' 
[2018.05.26-03.16.46:868][  0]LogScriptCore: Warning: Script Msg: Attempted to access index 2 from array 'v_manualLocation' of length 2 in '/Game/Blueprints/Tools/BP_meshesPreview.BP_meshesPreview_C'!
[2018.05.26-03.16.46:868][  0]LogScriptCore: Warning: Script Msg: Attempted to access index 3 from array 'v_manualLocation' of length 2 in '/Game/Blueprints/Tools/BP_meshesPreview.BP_meshesPreview_C'!
[2018.05.26-03.16.46:868][  0]LogScriptCore: Warning: Script Msg: Attempted to access index 4 from array 'v_manualLocation' of length 2 in '/Game/Blueprints/Tools/BP_meshesPreview.BP_meshesPreview_C'!
[2018.05.26-03.16.46:869][  0]LogScriptCore: Warning: Script Msg: Attempted to access index 5 from array 'v_manualLocation' of length 2 in '/Game/Blueprints/Tools/BP_meshesPreview.BP_meshesPreview_C'!
[2018.05.26-03.16.46:869][  0]LogScriptCore: Warning: Script Msg: Attempted to access index 6 from array 'v_manualLocation' of length 2 in '/Game/Blueprints/Tools/BP_meshesPreview.BP_meshesPreview_C'!
[2018.05.26-03.16.46:869][  0]LogScriptCore: Warning: Script Msg: Attempted to access index 7 from array 'v_manualLocation' of length 2 in '/Game/Blueprints/Tools/BP_meshesPreview.BP_meshesPreview_C'!
[2018.05.26-03.16.46:869][  0]LogScriptCore: Warning: Script Msg: Attempted to access index 8 from array 'v_manualLocation' of length 2 in '/Game/Blueprints/Tools/BP_meshesPreview.BP_meshesPreview_C'!
[2018.05.26-03.16.46:870][  0]LogScriptCore: Warning: Script Msg: Attempted to access index 9 from array 'v_manualLocation' of length 2 in '/Game/Blueprints/Tools/BP_meshesPreview.BP_meshesPreview_C'!
[2018.05.26-03.16.46:870][  0]LogScriptCore: Warning: Script Msg: Attempted to access index 10 from array 'v_manualLocation' of length 2 in '/Game/Blueprints/Tools/BP_meshesPreview.BP_meshesPreview_C'!
[2018.05.26-03.16.46:870][  0]LogScriptCore: Warning: Script Msg: Attempted to access index 11 from array 'v_manualLocation' of length 2 in '/Game/Blueprints/Tools/BP_meshesPreview.BP_meshesPreview_C'!
[2018.05.26-03.16.46:871][  0]LogScriptCore: Warning: Script Msg: Attempted to access index 12 from array 'v_manualLocation' of length 2 in '/Game/Blueprints/Tools/BP_meshesPreview.BP_meshesPreview_C'!
[2018.05.26-03.16.46:871][  0]LogScriptCore: Warning: Script Msg: Attempted to access index 13 from array 'v_manualLocation' of length 2 in '/Game/Blueprints/Tools/BP_meshesPreview.BP_meshesPreview_C'!
[2018.05.26-03.16.46:871][  0]LogScriptCore: Warning: Script Msg: Attempted to access index 14 from array 'v_manualLocation' of length 2 in '/Game/Blueprints/Tools/BP_meshesPreview.BP_meshesPreview_C'!
[2018.05.26-03.16.46:904][  0]LogScriptCore: Warning: Script Msg: Attempted to access index 15 from array 'v_staticMesh' of length 15 in '/Game/Blueprints/Tools/BP_meshesPreview.BP_meshesPreview_C'!
[2018.05.26-03.16.46:904][  0]LogScriptCore: Warning: Script Msg: Attempted to access index 15 from array 'v_meshStartRotation' of length 15 in '/Game/Blueprints/Tools/BP_meshesPreview.BP_meshesPreview_C'!
[2018.05.26-03.16.46:904][  0]LogScriptCore: Warning: Script Msg: Attempted to access index 15 from array 'v_manualLocation' of length 15 in '/Game/Blueprints/Tools/BP_meshesPreview.BP_meshesPreview_C'!
[2018.05.26-03.16.46:904][  0]LogScriptCore: Warning: Script Msg: Attempted to access index 15 from array 'v_staticMesh' of length 15 in '/Game/Blueprints/Tools/BP_meshesPreview.BP_meshesPreview_C'!
[2018.05.26-03.16.46:955][  0]LogScriptCore: Warning: Script Msg: Attempted to access index 15 from array 'v_meshStartRotation' of length 15 in '/Game/Blueprints/Tools/BP_meshesPreview.BP_meshesPreview_C'!
[2018.05.26-03.16.46:956][  0]LogScriptCore: Warning: Script Msg: Attempted to access index 16 from array 'v_meshStartRotation' of length 15 in '/Game/Blueprints/Tools/BP_meshesPreview.BP_meshesPreview_C'!
[2018.05.26-03.16.46:956][  0]LogScriptCore: Warning: Script Msg: Attempted to access index 17 from array 'v_meshStartRotation' of length 15 in '/Game/Blueprints/Tools/BP_meshesPreview.BP_meshesPreview_C'!
[2018.05.26-03.16.47:006][  0]LogPhysics: Warning: Initialising Body : Scale3D is (nearly) zero: Component: '/Game/Maps/Assets.Assets:PersistentLevel.BP_meshesPreview46.NODE_AddStaticMeshComponent-0_660' 
[2018.05.26-03.16.47:007][  0]LogPhysics: Warning: Initialising Body : Scale3D is (nearly) zero: Component: '/Game/Maps/Assets.Assets:PersistentLevel.BP_meshesPreview46.NODE_AddStaticMeshComponent-0_665' 
[2018.05.26-03.16.47:062][  0]LogEditorServer: Finished looking for orphan Actors (0.000 secs)
[2018.05.26-03.16.47:189][  0]Cmd: MAP CHECKDEP NOCLEARLOG
[2018.05.26-03.16.47:455][  0]MapCheck: Map check complete: 0 Error(s), 0 Warning(s), took 265.566ms to complete.
[2018.05.26-03.16.47:455][  0]LogFileHelpers: Loading map 'Assets' took 9.379
[2018.05.26-03.16.47:577][  0]LogCollectionManager: Loaded 13 collections in 0.008777 seconds
[2018.05.26-03.16.47:630][  0]LogFileCache: Scanning file cache for directory 'C:/Users/gd50ian/Documents/Unreal/Quest_GD50/Quest_GD50/Saved/Collections/' took 0.01s
[2018.05.26-03.16.47:630][  0]LogFileCache: Scanning file cache for directory 'C:/Users/gd50ian/Documents/Unreal/Quest_GD50/Quest_GD50/Content/Developers/gd50ian/Collections/' took 0.01s
[2018.05.26-03.16.47:630][  0]LogFileCache: Scanning file cache for directory 'C:/Users/gd50ian/Documents/Unreal/Quest_GD50/Quest_GD50/Content/Collections/' took 0.01s
[2018.05.26-03.16.47:630][  0]LogCollectionManager: Rebuilt the GUID cache for 13 collections in 0.000006 seconds
[2018.05.26-03.16.47:630][  0]LogCollectionManager: Rebuilt the hierarchy cache for 13 collections in 0.000004 seconds
[2018.05.26-03.16.47:640][  0]LogContentBrowser: Native class hierarchy populated in 0.0099 seconds. Added 2468 classes and 565 folders.
[2018.05.26-03.16.47:666][  0]LogContentBrowser: Native class hierarchy updated for 'WidgetCarousel' in 0.0002 seconds. Added 0 classes and 0 folders.
[2018.05.26-03.16.47:711][  0]LogContentBrowser: Native class hierarchy updated for 'AddContentDialog' in 0.0002 seconds. Added 0 classes and 0 folders.
[2018.05.26-03.16.47:717][  0]LogContentBrowser: Native class hierarchy updated for 'SceneOutliner' in 0.0003 seconds. Added 1 classes and 2 folders.
[2018.05.26-03.16.47:783][  0]LogSlate: Took 0.000260 seconds to synchronously load lazily loaded font '../../../Engine/Content/Slate/Fonts/Roboto-Regular.ttf' (155K)
[2018.05.26-03.16.48:401][  0]LogSlate: Took 0.000210 seconds to synchronously load lazily loaded font '../../../Engine/Content/Slate/Fonts/Roboto-Bold.ttf' (160K)
[2018.05.26-03.16.48:419][  0]LogSlate: Took 0.012515 seconds to synchronously load lazily loaded font '../../../Engine/Content/Editor/Slate/Fonts/FontAwesome.ttf' (139K)
[2018.05.26-03.16.48:507][  0]LogRenderer: Reallocating scene render targets to support 500x652 Format 10 NumSamples 1 (Frame:1).
[2018.05.26-03.16.48:552][  0]LogRenderer: Reallocating scene render targets to support 704x652 Format 10 NumSamples 1 (Frame:2).
[2018.05.26-03.16.48:767][  0]LogContentBrowser: Native class hierarchy updated for 'HierarchicalLODOutliner' in 0.0002 seconds. Added 0 classes and 0 folders.
[2018.05.26-03.16.48:767][  0]LogLoad: (Engine Initialization) Total time: 22.49 seconds
[2018.05.26-03.16.48:767][  0]LogLoad: (Engine Initialization) Total Blueprint compile time: 0.00 seconds
[2018.05.26-03.16.49:182][  0]LogContentStreaming: Texture pool size now 1000 MB
[2018.05.26-03.16.49:262][  0]LogSlate: Took 0.000215 seconds to synchronously load lazily loaded font '../../../Engine/Content/Slate/Fonts/Roboto-Light.ttf' (167K)
[2018.05.26-03.16.49:458][  1]LogFileCache: Retrieving MD5 hashes for directory 'C:/Users/gd50ian/Documents/Unreal/Quest_GD50/Quest_GD50/Content/' took 0.33s
[2018.05.26-03.16.50:126][  3]LogAssetRegistry: Asset discovery search completed in 17.7034 seconds
[2018.05.26-03.16.50:133][  3]LogCollectionManager: Rebuilt the object cache for 13 collections in 0.000470 seconds (found 808 objects)
[2018.05.26-03.16.50:134][  3]LogCollectionManager: Fixed up redirectors for 13 collections in 0.000995 seconds (updated 0 objects)
[2018.05.26-03.16.50:177][  3]LogSlate: Took 0.000344 seconds to synchronously load lazily loaded font '../../../Engine/Content/Slate/Fonts/Roboto-Light.ttf' (167K)
[2018.05.26-03.16.55:450][ 19]LogSlate: FSceneViewport::OnFocusLost() reason 0
[2018.05.26-03.16.55:465][ 20]LogSlate: Window 'Editor Preferences' being destroyed
[2018.05.26-03.16.55:471][ 20]LogSlate: Window 'Editor Preferences' being destroyed
[2018.05.26-03.16.57:651][147]LogSlate: FSceneViewport::OnFocusLost() reason 0
[2018.05.26-03.17.00:757][364]LogSlate: FSceneViewport::OnFocusLost() reason 2
[2018.05.26-03.17.02:398][517]SourceControl: fatal: C:/Program Files/Epic Games/UE_4.19/Engine/Content: 'C:/Program Files/Epic Games/UE_4.19/Engine/Content' is outside repository
[2018.05.26-03.17.02:568][517]LogSlate: FSceneViewport::OnFocusLost() reason 2
[2018.05.26-03.17.56:351][517]LogSlate: Window 'Submit Files' being destroyed
[2018.05.26-03.17.56:361][517]LogSlate: FSceneViewport::OnFocusLost() reason 2
[2018.05.26-03.17.56:529][517]LogSlate: FSceneViewport::OnFocusLost() reason 2
[2018.05.26-03.17.57:024][517]LogSourceControl: commit successful: [master 3278f1a] Example blueprinting
[2018.05.26-03.17.57:166][517]SourceControl: [master 3278f1a] Example blueprinting
[2018.05.26-03.17.57:166][517]SourceControl:  Committer: Ian Chau <gd50ian@vfs.local>
[2018.05.26-03.17.57:166][517]SourceControl: Your name and email address were configured automatically based
[2018.05.26-03.17.57:166][517]SourceControl: on your username and hostname. Please check that they are accurate.
[2018.05.26-03.17.57:166][517]SourceControl: You can suppress this message by setting them explicitly:
[2018.05.26-03.17.57:166][517]SourceControl:     git config --global user.name "Your Name"
[2018.05.26-03.17.57:166][517]SourceControl:     git config --global user.email you@example.com
[2018.05.26-03.17.57:166][517]SourceControl: After doing this, you may fix the identity used for this commit with:
[2018.05.26-03.17.57:166][517]SourceControl:     git commit --amend --reset-author
[2018.05.26-03.17.57:166][517]SourceControl:  4 files changed, 0 insertions(+), 0 deletions(-)
[2018.05.26-03.17.57:166][517]SourceControl:  rewrite Content/Blueprints/Game/BP_library.uasset (66%)
[2018.05.26-03.17.57:166][517]SourceControl:  create mode 100644 Content/Maps/Implement_new_platforming.umap
[2018.05.26-03.17.57:166][517]SourceControl:  create mode 100644 Content/Maps/Pickup_feedback.umap
[2018.05.26-03.17.57:166][517]SourceControl:  create mode 100644 Content/Maps/Puzzle_completion_SFX.umap
[2018.05.26-03.17.57:171][517]SourceControl: Commited [master 3278f1a] Example blueprinting.
[2018.05.26-03.17.58:852][602]LogSlate: FSceneViewport::OnFocusLost() reason 0
